#
# A fatal error has been detected by the Java Runtime Environment:
#
#  SIGSEGV (0xb) at pc=0x00007ff81189f21d, pid=22544, tid=259
#
# JRE version: OpenJDK Runtime Environment (19.0.1+10) (build 19.0.1+10-21)
# Java VM: OpenJDK 64-Bit Server VM (19.0.1+10-21, mixed mode, sharing, tiered, compressed oops, compressed class ptrs, g1 gc, bsd-amd64)
# Problematic frame:
# C  [libobjc.A.dylib+0x721d]  objc_msgSend+0x1d
#
# No core dump will be written. Core dumps have been disabled. To enable core dumping, try "ulimit -c unlimited" before starting Java again
#
# If you would like to submit a bug report, please visit:
#   https://bugreport.java.com/bugreport/crash.jsp
# The crash happened outside the Java Virtual Machine in native code.
# See problematic frame for where to report the bug.
#

---------------  S U M M A R Y ------------

Command Line: -javaagent:/Applications/IntelliJ IDEA.app/Contents/lib/idea_rt.jar=51483:/Applications/IntelliJ IDEA.app/Contents/bin -Dfile.encoding=UTF-8 -Dsun.stdout.encoding=UTF-8 -Dsun.stderr.encoding=UTF-8 Main

Host: "MacBookAir7,2" x86_64 1800 MHz, 4 cores, 8G, Darwin 21.6.0, macOS 12.7.6 (21H1320)
Time: Tue Nov  5 21:57:28 2024 CET elapsed time: 12.567459 seconds (0d 0h 0m 12s)

---------------  T H R E A D  ---------------

Current thread (0x00007fae20008c00):  JavaThread "AppKit Thread" daemon [_thread_in_native, id=259, stack(0x00007ff7bab79000,0x00007ff7bb379000)]

Stack: [0x00007ff7bab79000,0x00007ff7bb379000],  sp=0x00007ff7bb372f78,  free space=8167k
Native frames: (J=compiled Java code, j=interpreted, Vv=VM code, C=native code)
C  [libobjc.A.dylib+0x721d]  objc_msgSend+0x1d
j  sun.java2d.metal.MTLLayer.blitTexture(J)V+0 java.desktop@19.0.1
j  sun.java2d.metal.MTLLayer.lambda$drawInMTLContext$4(J)V+1 java.desktop@19.0.1
j  sun.java2d.metal.MTLLayer$$Lambda$249+0x0000000801148000.run(J)V+1 java.desktop@19.0.1
j  sun.lwawt.macosx.CFRetainedResource.execute(Lsun/lwawt/macosx/CFRetainedResource$CFNativeAction;)V+23 java.desktop@19.0.1
j  sun.java2d.metal.MTLLayer.drawInMTLContext()V+14 java.desktop@19.0.1
v  ~StubRoutines::call_stub 0x0000000117914cc6
V  [libjvm.dylib+0x5631c1]  _ZN9JavaCalls11call_helperEP9JavaValueRK12methodHandleP17JavaCallArgumentsP10JavaThread+0x2a1
V  [libjvm.dylib+0x5c020a]  _ZL20jni_invoke_nonstaticP7JNIEnv_P9JavaValueP8_jobject11JNICallTypeP10_jmethodIDP18JNI_ArgumentPusherP10JavaThread+0x2da
V  [libjvm.dylib+0x5c44e7]  jni_CallVoidMethod+0x197
C  [libawt_lwawt.dylib+0x770d6]  -[MTLLayer blitCallback]+0x296
C  [libawt_lwawt.dylib+0x7720f]  -[MTLLayer display]+0x5f
C  [QuartzCore+0x2162b]  _ZN2CA5Layer17display_if_neededEPNS_11TransactionE+0x369
C  [QuartzCore+0x178f86]  _ZN2CA7Context18commit_transactionEPNS_11TransactionEdPd+0x280
C  [QuartzCore+0x2a89]  _ZN2CA11Transaction6commitEv+0x309
C  [AppKit+0x1aad71]  __62+[CATransaction(NSCATransaction) NS_setFlushesWithDisplayLink]_block_invoke+0x11d
C  [AppKit+0x8f2d3c]  ___NSRunLoopObserverCreateWithHandler_block_invoke+0x29
C  [CoreFoundation+0x7f450]  __CFRUNLOOP_IS_CALLING_OUT_TO_AN_OBSERVER_CALLBACK_FUNCTION__+0x17
C  [CoreFoundation+0x7f2e2]  __CFRunLoopDoObservers+0x21f
C  [CoreFoundation+0x7e774]  __CFRunLoopRun+0x348
C  [CoreFoundation+0x7dd6c]  CFRunLoopRunSpecific+0x232
C  [HIToolbox+0x2e5e6]  RunCurrentEventLoopInMode+0x124
C  [HIToolbox+0x2e34a]  ReceiveNextEventCommon+0x252
C  [HIToolbox+0x2e0e5]  _BlockUntilNextEventMatchingListInModeWithFilter+0x46
C  [AppKit+0x3eaa9]  _DPSNextEvent+0x39f
C  [AppKit+0x3d166]  -[NSApplication(NSEvent) _nextEventMatchingEventMask:untilDate:inMode:dequeue:]+0x572
C  [libosxapp.dylib+0x45aa]  -[NSApplicationAWT nextEventMatchingMask:untilDate:inMode:dequeue:]+0x7a
C  [AppKit+0x2f818]  -[NSApplication run]+0x24a
C  [libosxapp.dylib+0x4379]  +[NSApplicationAWT runAWTLoopWithApp:]+0xa9
C  [libawt_lwawt.dylib+0x6f2f0]  +[AWTStarter starter:headless:]+0x1f0
C  [libosxapp.dylib+0x604f]  +[ThreadUtilities invokeBlockCopy:]+0xf
C  [Foundation+0x81337]  __NSThreadPerformPerform+0xb3
C  [CoreFoundation+0x800ab]  __CFRUNLOOP_IS_CALLING_OUT_TO_A_SOURCE0_PERFORM_FUNCTION__+0x11
C  [CoreFoundation+0x80013]  __CFRunLoopDoSource0+0xb4
C  [CoreFoundation+0x7fd8d]  __CFRunLoopDoSources0+0xf2
C  [CoreFoundation+0x7e7a8]  __CFRunLoopRun+0x37c
C  [CoreFoundation+0x7dd6c]  CFRunLoopRunSpecific+0x232
C  [libjli.dylib+0x6ef2]  CreateExecutionEnvironment+0x182
C  [libjli.dylib+0x2c6c]  JLI_Launch+0x59c
C  [java+0x3c0f]  main+0x18f
C  0x000000011032a52e

Java frames: (J=compiled Java code, j=interpreted, Vv=VM code)
j  sun.java2d.metal.MTLLayer.blitTexture(J)V+0 java.desktop@19.0.1
j  sun.java2d.metal.MTLLayer.lambda$drawInMTLContext$4(J)V+1 java.desktop@19.0.1
j  sun.java2d.metal.MTLLayer$$Lambda$249+0x0000000801148000.run(J)V+1 java.desktop@19.0.1
j  sun.lwawt.macosx.CFRetainedResource.execute(Lsun/lwawt/macosx/CFRetainedResource$CFNativeAction;)V+23 java.desktop@19.0.1
j  sun.java2d.metal.MTLLayer.drawInMTLContext()V+14 java.desktop@19.0.1
v  ~StubRoutines::call_stub 0x0000000117914cc6

siginfo: si_signo: 11 (SIGSEGV), si_code: 1 (SEGV_MAPERR), si_addr: 0x0000000000000018

Registers:
RAX=0x00007fae200f3e00, RBX=0x00006000032ec840, RCX=0x00007fae208090b8, RDX=0x0000000000000000
RSP=0x00007ff7bb372f78, RBP=0x00007ff7bb373070, RSI=0x00007ff82be9f27f, RDI=0x00007fae200f3e00
R8 =0x00007fae20809038, R9 =0xfffeffffffffffff, R10=0x0000000000000000, R11=0x00007ff82be9f27f
R12=0x00007ff82bee8a21, R13=0x00007ff82be9f27f, R14=0x00007ff81189f200, R15=0x00007ff82be93fb2
RIP=0x00007ff81189f21d, EFLAGS=0x0000000000010246, ERR=0x0000000000000004
  TRAPNO=0x000000000000000e


Register to memory mapping:

RAX=0x00007fae200f3e00 points into unknown readable memory: 0x0000000000000000 | 00 00 00 00 00 00 00 00
RBX=0x00006000032ec840 points into unknown readable memory: 0x011d80010f06a739 | 39 a7 06 0f 01 80 1d 01
RCX=0x00007fae208090b8 points into unknown readable memory: 0xa3a3a3a3a3a3a3a3 | a3 a3 a3 a3 a3 a3 a3 a3
RDX=0x0 is NULL
RSP=0x00007ff7bb372f78 is pointing into the stack for thread: 0x00007fae20008c00
RBP=0x00007ff7bb373070 is pointing into the stack for thread: 0x00007fae20008c00
RSI=0x00007ff82be9f27f: <offset 0x1a60727f> in /usr/lib/libobjc.A.dylib at 0x00007ff811898000
RDI=0x00007fae200f3e00 points into unknown readable memory: 0x0000000000000000 | 00 00 00 00 00 00 00 00
R8 =0x00007fae20809038 points into unknown readable memory: 0x0000000000000000 | 00 00 00 00 00 00 00 00
R9 =0xfffeffffffffffff is an unknown value
R10=0x0 is NULL
R11=0x00007ff82be9f27f: <offset 0x1a60727f> in /usr/lib/libobjc.A.dylib at 0x00007ff811898000
R12=0x00007ff82bee8a21: <offset 0x1a650a21> in /usr/lib/libobjc.A.dylib at 0x00007ff811898000
R13=0x00007ff82be9f27f: <offset 0x1a60727f> in /usr/lib/libobjc.A.dylib at 0x00007ff811898000
R14=0x00007ff81189f200: objc_msgSend+0 in /usr/lib/libobjc.A.dylib at 0x00007ff811898000
R15=0x00007ff82be93fb2: <offset 0x1a5fbfb2> in /usr/lib/libobjc.A.dylib at 0x00007ff811898000


Top of Stack: (sp=0x00007ff7bb372f78)
0x00007ff7bb372f78:   000000010f0059c5 0000000000000000
0x00007ff7bb372f88:   0000000125e4e078 00007ff7bb373100
0x00007ff7bb372f98:   00007fae20008c00 00007ff7bb373070
0x00007ff7bb372fa8:   00007ff81189fd9b 000000010f06a738
0x00007ff7bb372fb8:   0000000000000030 0000000000001fe0
0x00007ff7bb372fc8:   000000010f0670f8 00006000032ec840
0x00007ff7bb372fd8:   000000010f03ad94 00006000032ec840
0x00007ff7bb372fe8:   00007ff81189f200 00007fae1ef07980
0x00007ff7bb372ff8:   00007fae1ef07990 757478655474696c
0x00007ff7bb373008:   0000600001006572 0000000a0000000a
0x00007ff7bb373018:   0000000a0000000a 0000000500000005
0x00007ff7bb373028:   0000000500000005 00007fae208090b0
0x00007ff7bb373038:   0000000100000001 0000000100000001
0x00007ff7bb373048:   0000000125e4e078 0000000000000000
0x00007ff7bb373058:   0000000125e4e078 00007ff7bb373100
0x00007ff7bb373068:   00007fae20008c00 00007ff7bb3730d8
0x00007ff7bb373078:   0000000117933051 0000000125e4e078
0x00007ff7bb373088:   0000000117932cf6 00007ff7bb373090
0x00007ff7bb373098:   0000000125e4e078 00007ff7bb373100
0x00007ff7bb3730a8:   0000000125e4f820 0000000000000000
0x00007ff7bb3730b8:   0000000787ebccb8 0000000125e4e078
0x00007ff7bb3730c8:   0000000000000000 00007ff7bb3730f8
0x00007ff7bb3730d8:   00007ff7bb373150 000000011792ee9f
0x00007ff7bb3730e8:   0000000787ebccb8 0000000117930957
0x00007ff7bb3730f8:   00006000032ec840 0000000000000000
0x00007ff7bb373108:   00007ff7bb373108 0000000125e4e7f9
0x00007ff7bb373118:   00007ff7bb373168 0000000125e4f820
0x00007ff7bb373128:   0000000000000000 0000000787ebccb8
0x00007ff7bb373138:   0000000125e4e810 00007ff7bb3730f8
0x00007ff7bb373148:   00007ff7bb373160 00007ff7bb3731b8
0x00007ff7bb373158:   000000011792ee9f 00006000032ec840
0x00007ff7bb373168:   0000000000000000 00007ff7bb373170 

Instructions: (pc=0x00007ff81189f21d)
0x00007ff81189f11d:   90 90 90 90 90 90 90 90 90 90 90 90 90 90 90 90
0x00007ff81189f12d:   90 90 90 90 90 90 90 90 90 90 90 90 90 90 90 90
0x00007ff81189f13d:   90 90 90 31 c0 31 d2 0f 57 c0 0f 57 c9 c3 90 d9
0x00007ff81189f14d:   ee 31 c0 31 d2 0f 57 c0 0f 57 c9 c3 0f 1f 00 d9
0x00007ff81189f15d:   ee d9 ee 31 c0 31 d2 0f 57 c0 0f 57 c9 c3 90 48
0x00007ff81189f16d:   89 f8 c3 49 89 fa 49 89 f3 45 23 5a 18 49 c1 e3
0x00007ff81189f17d:   04 4d 03 5a 10 49 3b 33 75 0e 49 8b 43 08 48 83
0x00007ff81189f18d:   f8 00 74 03 4c 31 d0 c3 49 83 3b 01 76 17 49 83
0x00007ff81189f19d:   c3 10 49 3b 33 75 f1 49 8b 43 08 48 83 f8 00 74
0x00007ff81189f1ad:   03 4c 31 d0 c3 72 25 4d 8b 5b 08 eb 0a 49 83 3b
0x00007ff81189f1bd:   01 76 17 49 83 c3 10 49 3b 33 75 f1 49 8b 43 08
0x00007ff81189f1cd:   48 83 f8 00 74 03 4c 31 d0 c3 eb 00 31 c0 c3 66
0x00007ff81189f1dd:   66 66 66 66 66 2e 0f 1f 84 00 00 00 00 00 66 66
0x00007ff81189f1ed:   66 66 66 66 2e 0f 1f 84 00 00 00 00 00 66 0f 1f
0x00007ff81189f1fd:   44 00 00 48 85 ff 2e 74 72 40 f6 c7 01 2e 75 76
0x00007ff81189f20d:   49 ba f8 ff ff ff ff 7f 00 00 4c 23 17 49 89 f3
0x00007ff81189f21d:   45 23 5a 18 49 c1 e3 04 4d 03 5a 10 49 3b 33 75
0x00007ff81189f22d:   0a 4d 8b 5b 08 4d 31 d3 41 ff e3 49 83 3b 01 76
0x00007ff81189f23d:   13 49 83 c3 10 49 3b 33 75 f1 4d 8b 5b 08 4d 31
0x00007ff81189f24d:   d3 41 ff e3 72 70 4d 8b 5b 08 eb 0a 49 83 3b 01
0x00007ff81189f25d:   76 13 49 83 c3 10 49 3b 33 75 f1 4d 8b 5b 08 4d
0x00007ff81189f26d:   31 d3 41 ff e3 eb 4f 0f 1f 40 00 31 c0 31 d2 0f
0x00007ff81189f27d:   57 c0 0f 57 c9 c3 41 89 fb 41 83 e3 0f 4c 8d 15
0x00007ff81189f28d:   2f a1 89 41 4f 8b 14 da 4c 8d 1d fc 9f 89 41 4d
0x00007ff81189f29d:   39 d3 0f 85 75 ff ff ff 41 89 fb 41 c1 eb 04 41
0x00007ff81189f2ad:   81 e3 ff 00 00 00 4c 8d 15 86 a1 89 41 4f 8b 14
0x00007ff81189f2bd:   da e9 57 ff ff ff e9 88 0a 00 00 66 66 66 66 66
0x00007ff81189f2cd:   66 2e 0f 1f 84 00 00 00 00 00 66 66 66 66 66 66
0x00007ff81189f2dd:   2e 0f 1f 84 00 00 00 00 00 66 66 66 66 66 66 2e
0x00007ff81189f2ed:   0f 1f 84 00 00 00 00 00 66 66 2e 0f 1f 84 00 00
0x00007ff81189f2fd:   00 00 00 48 85 ff 2e 74 6a 40 f6 c7 01 2e 75 6b
0x00007ff81189f30d:   49 ba f8 ff ff ff ff 7f 00 00 4c 23 17 49 89 f3 


Stack slot to memory mapping:
stack at sp + 0 slots: 0x000000010f0059c5: -[MTLLayer blitTexture]+0xc5 in /Users/liliyasayfutdinova/Library/Java/JavaVirtualMachines/openjdk-19.0.1/Contents/Home/lib/libawt_lwawt.dylib at 0x000000010ef8f000
stack at sp + 1 slots: 0x0 is NULL
stack at sp + 2 slots: {method} {0x0000000125e4e078} 'blitTexture' '(J)V' in 'sun/java2d/metal/MTLLayer'
stack at sp + 3 slots: 0x00007ff7bb373100 is pointing into the stack for thread: 0x00007fae20008c00
stack at sp + 4 slots: 0x00007fae20008c00 is a thread
stack at sp + 5 slots: 0x00007ff7bb373070 is pointing into the stack for thread: 0x00007fae20008c00
stack at sp + 6 slots: 0x00007ff81189fd9b: _objc_msgSend_uncached+0x4b in /usr/lib/libobjc.A.dylib at 0x00007ff811898000
stack at sp + 7 slots: 0x000000010f06a738: OBJC_CLASS_$_MTLLayer+0 in /Users/liliyasayfutdinova/Library/Java/JavaVirtualMachines/openjdk-19.0.1/Contents/Home/lib/libawt_lwawt.dylib at 0x000000010ef8f000


---------------  P R O C E S S  ---------------

Threads class SMR info:
_java_thread_list=0x00006000016e7ce0, length=19, elements={
0x00007fae20008600, 0x00007fae2100a800, 0x00007fae1f00e400, 0x00007fae20885200,
0x00007fae1f011e00, 0x00007fae1f012400, 0x00007fae1f027c00, 0x00007fae1f038200,
0x00007fae20036400, 0x00007fae2100ae00, 0x00007fae20883e00, 0x00007fae20884400,
0x00007fae20008c00, 0x00007fae208e8200, 0x00007fae208eca00, 0x00007fae1f13c200,
0x00007fae210b0e00, 0x00007fae1f220200, 0x00007fae1f1ef800
}

Java Threads: ( => current thread )
  0x00007fae20008600 JavaThread "main" [_thread_in_native, id=6147, stack(0x000070000fa94000,0x000070000fb94000)]
  0x00007fae2100a800 JavaThread "Reference Handler" daemon [_thread_blocked, id=42755, stack(0x00007000102af000,0x00007000103af000)]
  0x00007fae1f00e400 JavaThread "Finalizer" daemon [_thread_blocked, id=42499, stack(0x00007000103b2000,0x00007000104b2000)]
  0x00007fae20885200 JavaThread "Signal Dispatcher" daemon [_thread_blocked, id=42243, stack(0x00007000104b5000,0x00007000105b5000)]
  0x00007fae1f011e00 JavaThread "Service Thread" daemon [_thread_blocked, id=41987, stack(0x00007000105b8000,0x00007000106b8000)]
  0x00007fae1f012400 JavaThread "Monitor Deflation Thread" daemon [_thread_blocked, id=41475, stack(0x00007000106bb000,0x00007000107bb000)]
  0x00007fae1f027c00 JavaThread "C2 CompilerThread0" daemon [_thread_blocked, id=22787, stack(0x00007000107be000,0x00007000108be000)]
  0x00007fae1f038200 JavaThread "C1 CompilerThread0" daemon [_thread_blocked, id=23043, stack(0x00007000108c1000,0x00007000109c1000)]
  0x00007fae20036400 JavaThread "Sweeper thread" daemon [_thread_blocked, id=40707, stack(0x00007000109c4000,0x0000700010ac4000)]
  0x00007fae2100ae00 JavaThread "Common-Cleaner" daemon [_thread_blocked, id=40195, stack(0x0000700010ac7000,0x0000700010bc7000)]
  0x00007fae20883e00 JavaThread "Monitor Ctrl-Break" daemon [_thread_in_native, id=39683, stack(0x0000700010bca000,0x0000700010cca000)]
  0x00007fae20884400 JavaThread "Notification Thread" daemon [_thread_blocked, id=23555, stack(0x0000700010ccd000,0x0000700010dcd000)]
=>0x00007fae20008c00 JavaThread "AppKit Thread" daemon [_thread_in_native, id=259, stack(0x00007ff7bab79000,0x00007ff7bb379000)]
  0x00007fae208e8200 JavaThread "Java2D Queue Flusher" daemon [_thread_blocked, id=78087, stack(0x00007000112e8000,0x00007000113e8000)]
  0x00007fae208eca00 JavaThread "Java2D Disposer" daemon [_thread_blocked, id=57607, stack(0x00007000113eb000,0x00007000114eb000)]
  0x00007fae1f13c200 JavaThread "Attach Listener" daemon [_thread_blocked, id=58115, stack(0x00007000114ee000,0x00007000115ee000)]
  0x00007fae210b0e00 JavaThread "AWT-Shutdown" [_thread_blocked, id=72199, stack(0x0000700010f56000,0x0000700011056000)]
  0x00007fae1f220200 JavaThread "RMI TCP Accept-0" daemon [_thread_in_native, id=33211, stack(0x00007000118fa000,0x00007000119fa000)]
  0x00007fae1f1ef800 JavaThread "AWT-EventQueue-0" [_thread_in_native, id=31875, stack(0x00007000119fd000,0x0000700011afd000)]

Other Threads:
  0x00007fae1f806c70 VMThread "VM Thread" [stack: 0x00007000100a6000,0x00007000101a6000] [id=14851]
  0x00007fae1ef13180 WatcherThread "VM Periodic Task Thread" [stack: 0x0000700010dd0000,0x0000700010ed0000] [id=39171]
  0x00007fae1fb05a60 WorkerThread "GC Thread#0" [stack: 0x000070000fb97000,0x000070000fc97000] [id=20227]
  0x00007fae1f8365c0 WorkerThread "GC Thread#1" [stack: 0x00007000115f1000,0x00007000116f1000] [id=73231]
  0x00007fae1f836c80 WorkerThread "GC Thread#2" [stack: 0x00007000116f4000,0x00007000117f4000] [id=72707]
  0x00007fae1f836f40 WorkerThread "GC Thread#3" [stack: 0x00007000117f7000,0x00007000118f7000] [id=72451]
  0x00007fae1f904d20 ConcurrentGCThread "G1 Main Marker" [stack: 0x000070000fc9a000,0x000070000fd9a000] [id=19971]
  0x00007fae1fb05ef0 WorkerThread "G1 Conc#0" [stack: 0x000070000fd9d000,0x000070000fe9d000] [id=19459]
  0x00007fae1f906440 ConcurrentGCThread "G1 Refine#0" [stack: 0x000070000fea0000,0x000070000ffa0000] [id=19203]
  0x00007fae1f906df0 ConcurrentGCThread "G1 Service" [stack: 0x000070000ffa3000,0x00007000100a3000] [id=18691]

Threads with active compile tasks:

VM state: not at safepoint (normal execution)

VM Mutex/Monitor currently owned by a thread: None

Heap address: 0x0000000780000000, size: 2048 MB, Compressed Oops mode: Zero based, Oop shift amount: 3

CDS archive(s) mapped at: [0x0000000800000000-0x0000000800c44000-0x0000000800c44000), size 12861440, SharedBaseAddress: 0x0000000800000000, ArchiveRelocationMode: 0.
Compressed class space mapped at: 0x0000000801000000-0x0000000841000000, reserved size: 1073741824
Narrow klass base: 0x0000000800000000, Narrow klass shift: 0, Narrow klass range: 0x100000000

GC Precious Log:
 CardTable entry size: 512
 Card Set container configuration: InlinePtr #cards 5 size 8 Array Of Cards #cards 12 size 40 Howl #buckets 4 coarsen threshold 1843 Howl Bitmap #cards 512 size 80 coarsen threshold 460 Card regions per heap region 1 cards per card region 2048
 CPUs: 4 total, 4 available
 Memory: 8192M
 Large Page Support: Disabled
 NUMA Support: Disabled
 Compressed Oops: Enabled (Zero based)
 Heap Region Size: 1M
 Heap Min Capacity: 8M
 Heap Initial Capacity: 128M
 Heap Max Capacity: 2G
 Pre-touch: Disabled
 Parallel Workers: 4
 Concurrent Workers: 1
 Concurrent Refinement Workers: 4
 Periodic GC: Disabled

Heap:
 garbage-first heap   total 133120K, used 6136K [0x0000000780000000, 0x0000000800000000)
  region size 1024K, 5 young (5120K), 2 survivors (2048K)
 Metaspace       used 12929K, committed 13184K, reserved 1114112K
  class space    used 1437K, committed 1536K, reserved 1048576K

Heap Regions: E=young(eden), S=young(survivor), O=old, HS=humongous(starts), HC=humongous(continues), CS=collection set, F=free, OA=open archive, CA=closed archive, TAMS=top-at-mark-start (previous, next)
|   0|0x0000000780000000, 0x0000000780100000, 0x0000000780100000|100%| O|  |TAMS 0x0000000780000000, 0x0000000780000000| Untracked 
|   1|0x0000000780100000, 0x000000078010a000, 0x0000000780200000|  3%| O|  |TAMS 0x0000000780100000, 0x0000000780100000| Untracked 
|   2|0x0000000780200000, 0x0000000780200000, 0x0000000780300000|  0%| F|  |TAMS 0x0000000780200000, 0x0000000780200000| Untracked 
|   3|0x0000000780300000, 0x0000000780300000, 0x0000000780400000|  0%| F|  |TAMS 0x0000000780300000, 0x0000000780300000| Untracked 
|   4|0x0000000780400000, 0x0000000780400000, 0x0000000780500000|  0%| F|  |TAMS 0x0000000780400000, 0x0000000780400000| Untracked 
|   5|0x0000000780500000, 0x0000000780500000, 0x0000000780600000|  0%| F|  |TAMS 0x0000000780500000, 0x0000000780500000| Untracked 
|   6|0x0000000780600000, 0x0000000780600000, 0x0000000780700000|  0%| F|  |TAMS 0x0000000780600000, 0x0000000780600000| Untracked 
|   7|0x0000000780700000, 0x0000000780700000, 0x0000000780800000|  0%| F|  |TAMS 0x0000000780700000, 0x0000000780700000| Untracked 
|   8|0x0000000780800000, 0x0000000780800000, 0x0000000780900000|  0%| F|  |TAMS 0x0000000780800000, 0x0000000780800000| Untracked 
|   9|0x0000000780900000, 0x0000000780900000, 0x0000000780a00000|  0%| F|  |TAMS 0x0000000780900000, 0x0000000780900000| Untracked 
|  10|0x0000000780a00000, 0x0000000780a00000, 0x0000000780b00000|  0%| F|  |TAMS 0x0000000780a00000, 0x0000000780a00000| Untracked 
|  11|0x0000000780b00000, 0x0000000780b00000, 0x0000000780c00000|  0%| F|  |TAMS 0x0000000780b00000, 0x0000000780b00000| Untracked 
|  12|0x0000000780c00000, 0x0000000780c00000, 0x0000000780d00000|  0%| F|  |TAMS 0x0000000780c00000, 0x0000000780c00000| Untracked 
|  13|0x0000000780d00000, 0x0000000780d00000, 0x0000000780e00000|  0%| F|  |TAMS 0x0000000780d00000, 0x0000000780d00000| Untracked 
|  14|0x0000000780e00000, 0x0000000780e00000, 0x0000000780f00000|  0%| F|  |TAMS 0x0000000780e00000, 0x0000000780e00000| Untracked 
|  15|0x0000000780f00000, 0x0000000780f00000, 0x0000000781000000|  0%| F|  |TAMS 0x0000000780f00000, 0x0000000780f00000| Untracked 
|  16|0x0000000781000000, 0x0000000781000000, 0x0000000781100000|  0%| F|  |TAMS 0x0000000781000000, 0x0000000781000000| Untracked 
|  17|0x0000000781100000, 0x0000000781100000, 0x0000000781200000|  0%| F|  |TAMS 0x0000000781100000, 0x0000000781100000| Untracked 
|  18|0x0000000781200000, 0x0000000781200000, 0x0000000781300000|  0%| F|  |TAMS 0x0000000781200000, 0x0000000781200000| Untracked 
|  19|0x0000000781300000, 0x0000000781300000, 0x0000000781400000|  0%| F|  |TAMS 0x0000000781300000, 0x0000000781300000| Untracked 
|  20|0x0000000781400000, 0x0000000781400000, 0x0000000781500000|  0%| F|  |TAMS 0x0000000781400000, 0x0000000781400000| Untracked 
|  21|0x0000000781500000, 0x0000000781500000, 0x0000000781600000|  0%| F|  |TAMS 0x0000000781500000, 0x0000000781500000| Untracked 
|  22|0x0000000781600000, 0x0000000781600000, 0x0000000781700000|  0%| F|  |TAMS 0x0000000781600000, 0x0000000781600000| Untracked 
|  23|0x0000000781700000, 0x0000000781700000, 0x0000000781800000|  0%| F|  |TAMS 0x0000000781700000, 0x0000000781700000| Untracked 
|  24|0x0000000781800000, 0x0000000781800000, 0x0000000781900000|  0%| F|  |TAMS 0x0000000781800000, 0x0000000781800000| Untracked 
|  25|0x0000000781900000, 0x0000000781900000, 0x0000000781a00000|  0%| F|  |TAMS 0x0000000781900000, 0x0000000781900000| Untracked 
|  26|0x0000000781a00000, 0x0000000781a00000, 0x0000000781b00000|  0%| F|  |TAMS 0x0000000781a00000, 0x0000000781a00000| Untracked 
|  27|0x0000000781b00000, 0x0000000781b00000, 0x0000000781c00000|  0%| F|  |TAMS 0x0000000781b00000, 0x0000000781b00000| Untracked 
|  28|0x0000000781c00000, 0x0000000781c00000, 0x0000000781d00000|  0%| F|  |TAMS 0x0000000781c00000, 0x0000000781c00000| Untracked 
|  29|0x0000000781d00000, 0x0000000781d00000, 0x0000000781e00000|  0%| F|  |TAMS 0x0000000781d00000, 0x0000000781d00000| Untracked 
|  30|0x0000000781e00000, 0x0000000781e00000, 0x0000000781f00000|  0%| F|  |TAMS 0x0000000781e00000, 0x0000000781e00000| Untracked 
|  31|0x0000000781f00000, 0x0000000781f00000, 0x0000000782000000|  0%| F|  |TAMS 0x0000000781f00000, 0x0000000781f00000| Untracked 
|  32|0x0000000782000000, 0x0000000782000000, 0x0000000782100000|  0%| F|  |TAMS 0x0000000782000000, 0x0000000782000000| Untracked 
|  33|0x0000000782100000, 0x0000000782100000, 0x0000000782200000|  0%| F|  |TAMS 0x0000000782100000, 0x0000000782100000| Untracked 
|  34|0x0000000782200000, 0x0000000782200000, 0x0000000782300000|  0%| F|  |TAMS 0x0000000782200000, 0x0000000782200000| Untracked 
|  35|0x0000000782300000, 0x0000000782300000, 0x0000000782400000|  0%| F|  |TAMS 0x0000000782300000, 0x0000000782300000| Untracked 
|  36|0x0000000782400000, 0x0000000782400000, 0x0000000782500000|  0%| F|  |TAMS 0x0000000782400000, 0x0000000782400000| Untracked 
|  37|0x0000000782500000, 0x0000000782500000, 0x0000000782600000|  0%| F|  |TAMS 0x0000000782500000, 0x0000000782500000| Untracked 
|  38|0x0000000782600000, 0x0000000782600000, 0x0000000782700000|  0%| F|  |TAMS 0x0000000782600000, 0x0000000782600000| Untracked 
|  39|0x0000000782700000, 0x0000000782700000, 0x0000000782800000|  0%| F|  |TAMS 0x0000000782700000, 0x0000000782700000| Untracked 
|  40|0x0000000782800000, 0x0000000782800000, 0x0000000782900000|  0%| F|  |TAMS 0x0000000782800000, 0x0000000782800000| Untracked 
|  41|0x0000000782900000, 0x0000000782900000, 0x0000000782a00000|  0%| F|  |TAMS 0x0000000782900000, 0x0000000782900000| Untracked 
|  42|0x0000000782a00000, 0x0000000782a00000, 0x0000000782b00000|  0%| F|  |TAMS 0x0000000782a00000, 0x0000000782a00000| Untracked 
|  43|0x0000000782b00000, 0x0000000782b00000, 0x0000000782c00000|  0%| F|  |TAMS 0x0000000782b00000, 0x0000000782b00000| Untracked 
|  44|0x0000000782c00000, 0x0000000782c00000, 0x0000000782d00000|  0%| F|  |TAMS 0x0000000782c00000, 0x0000000782c00000| Untracked 
|  45|0x0000000782d00000, 0x0000000782d00000, 0x0000000782e00000|  0%| F|  |TAMS 0x0000000782d00000, 0x0000000782d00000| Untracked 
|  46|0x0000000782e00000, 0x0000000782e00000, 0x0000000782f00000|  0%| F|  |TAMS 0x0000000782e00000, 0x0000000782e00000| Untracked 
|  47|0x0000000782f00000, 0x0000000782f00000, 0x0000000783000000|  0%| F|  |TAMS 0x0000000782f00000, 0x0000000782f00000| Untracked 
|  48|0x0000000783000000, 0x0000000783000000, 0x0000000783100000|  0%| F|  |TAMS 0x0000000783000000, 0x0000000783000000| Untracked 
|  49|0x0000000783100000, 0x0000000783100000, 0x0000000783200000|  0%| F|  |TAMS 0x0000000783100000, 0x0000000783100000| Untracked 
|  50|0x0000000783200000, 0x0000000783200000, 0x0000000783300000|  0%| F|  |TAMS 0x0000000783200000, 0x0000000783200000| Untracked 
|  51|0x0000000783300000, 0x0000000783300000, 0x0000000783400000|  0%| F|  |TAMS 0x0000000783300000, 0x0000000783300000| Untracked 
|  52|0x0000000783400000, 0x0000000783400000, 0x0000000783500000|  0%| F|  |TAMS 0x0000000783400000, 0x0000000783400000| Untracked 
|  53|0x0000000783500000, 0x0000000783500000, 0x0000000783600000|  0%| F|  |TAMS 0x0000000783500000, 0x0000000783500000| Untracked 
|  54|0x0000000783600000, 0x0000000783600000, 0x0000000783700000|  0%| F|  |TAMS 0x0000000783600000, 0x0000000783600000| Untracked 
|  55|0x0000000783700000, 0x0000000783700000, 0x0000000783800000|  0%| F|  |TAMS 0x0000000783700000, 0x0000000783700000| Untracked 
|  56|0x0000000783800000, 0x0000000783800000, 0x0000000783900000|  0%| F|  |TAMS 0x0000000783800000, 0x0000000783800000| Untracked 
|  57|0x0000000783900000, 0x0000000783900000, 0x0000000783a00000|  0%| F|  |TAMS 0x0000000783900000, 0x0000000783900000| Untracked 
|  58|0x0000000783a00000, 0x0000000783a00000, 0x0000000783b00000|  0%| F|  |TAMS 0x0000000783a00000, 0x0000000783a00000| Untracked 
|  59|0x0000000783b00000, 0x0000000783b00000, 0x0000000783c00000|  0%| F|  |TAMS 0x0000000783b00000, 0x0000000783b00000| Untracked 
|  60|0x0000000783c00000, 0x0000000783c00000, 0x0000000783d00000|  0%| F|  |TAMS 0x0000000783c00000, 0x0000000783c00000| Untracked 
|  61|0x0000000783d00000, 0x0000000783d00000, 0x0000000783e00000|  0%| F|  |TAMS 0x0000000783d00000, 0x0000000783d00000| Untracked 
|  62|0x0000000783e00000, 0x0000000783e00000, 0x0000000783f00000|  0%| F|  |TAMS 0x0000000783e00000, 0x0000000783e00000| Untracked 
|  63|0x0000000783f00000, 0x0000000783f00000, 0x0000000784000000|  0%| F|  |TAMS 0x0000000783f00000, 0x0000000783f00000| Untracked 
|  64|0x0000000784000000, 0x0000000784000000, 0x0000000784100000|  0%| F|  |TAMS 0x0000000784000000, 0x0000000784000000| Untracked 
|  65|0x0000000784100000, 0x0000000784100000, 0x0000000784200000|  0%| F|  |TAMS 0x0000000784100000, 0x0000000784100000| Untracked 
|  66|0x0000000784200000, 0x0000000784200000, 0x0000000784300000|  0%| F|  |TAMS 0x0000000784200000, 0x0000000784200000| Untracked 
|  67|0x0000000784300000, 0x0000000784300000, 0x0000000784400000|  0%| F|  |TAMS 0x0000000784300000, 0x0000000784300000| Untracked 
|  68|0x0000000784400000, 0x0000000784400000, 0x0000000784500000|  0%| F|  |TAMS 0x0000000784400000, 0x0000000784400000| Untracked 
|  69|0x0000000784500000, 0x0000000784500000, 0x0000000784600000|  0%| F|  |TAMS 0x0000000784500000, 0x0000000784500000| Untracked 
|  70|0x0000000784600000, 0x0000000784600000, 0x0000000784700000|  0%| F|  |TAMS 0x0000000784600000, 0x0000000784600000| Untracked 
|  71|0x0000000784700000, 0x0000000784700000, 0x0000000784800000|  0%| F|  |TAMS 0x0000000784700000, 0x0000000784700000| Untracked 
|  72|0x0000000784800000, 0x0000000784800000, 0x0000000784900000|  0%| F|  |TAMS 0x0000000784800000, 0x0000000784800000| Untracked 
|  73|0x0000000784900000, 0x0000000784900000, 0x0000000784a00000|  0%| F|  |TAMS 0x0000000784900000, 0x0000000784900000| Untracked 
|  74|0x0000000784a00000, 0x0000000784a00000, 0x0000000784b00000|  0%| F|  |TAMS 0x0000000784a00000, 0x0000000784a00000| Untracked 
|  75|0x0000000784b00000, 0x0000000784b00000, 0x0000000784c00000|  0%| F|  |TAMS 0x0000000784b00000, 0x0000000784b00000| Untracked 
|  76|0x0000000784c00000, 0x0000000784c00000, 0x0000000784d00000|  0%| F|  |TAMS 0x0000000784c00000, 0x0000000784c00000| Untracked 
|  77|0x0000000784d00000, 0x0000000784d00000, 0x0000000784e00000|  0%| F|  |TAMS 0x0000000784d00000, 0x0000000784d00000| Untracked 
|  78|0x0000000784e00000, 0x0000000784e00000, 0x0000000784f00000|  0%| F|  |TAMS 0x0000000784e00000, 0x0000000784e00000| Untracked 
|  79|0x0000000784f00000, 0x0000000784f00000, 0x0000000785000000|  0%| F|  |TAMS 0x0000000784f00000, 0x0000000784f00000| Untracked 
|  80|0x0000000785000000, 0x0000000785000000, 0x0000000785100000|  0%| F|  |TAMS 0x0000000785000000, 0x0000000785000000| Untracked 
|  81|0x0000000785100000, 0x0000000785100000, 0x0000000785200000|  0%| F|  |TAMS 0x0000000785100000, 0x0000000785100000| Untracked 
|  82|0x0000000785200000, 0x0000000785200000, 0x0000000785300000|  0%| F|  |TAMS 0x0000000785200000, 0x0000000785200000| Untracked 
|  83|0x0000000785300000, 0x0000000785300000, 0x0000000785400000|  0%| F|  |TAMS 0x0000000785300000, 0x0000000785300000| Untracked 
|  84|0x0000000785400000, 0x0000000785400000, 0x0000000785500000|  0%| F|  |TAMS 0x0000000785400000, 0x0000000785400000| Untracked 
|  85|0x0000000785500000, 0x0000000785500000, 0x0000000785600000|  0%| F|  |TAMS 0x0000000785500000, 0x0000000785500000| Untracked 
|  86|0x0000000785600000, 0x0000000785600000, 0x0000000785700000|  0%| F|  |TAMS 0x0000000785600000, 0x0000000785600000| Untracked 
|  87|0x0000000785700000, 0x0000000785700000, 0x0000000785800000|  0%| F|  |TAMS 0x0000000785700000, 0x0000000785700000| Untracked 
|  88|0x0000000785800000, 0x0000000785800000, 0x0000000785900000|  0%| F|  |TAMS 0x0000000785800000, 0x0000000785800000| Untracked 
|  89|0x0000000785900000, 0x0000000785900000, 0x0000000785a00000|  0%| F|  |TAMS 0x0000000785900000, 0x0000000785900000| Untracked 
|  90|0x0000000785a00000, 0x0000000785a00000, 0x0000000785b00000|  0%| F|  |TAMS 0x0000000785a00000, 0x0000000785a00000| Untracked 
|  91|0x0000000785b00000, 0x0000000785b00000, 0x0000000785c00000|  0%| F|  |TAMS 0x0000000785b00000, 0x0000000785b00000| Untracked 
|  92|0x0000000785c00000, 0x0000000785c00000, 0x0000000785d00000|  0%| F|  |TAMS 0x0000000785c00000, 0x0000000785c00000| Untracked 
|  93|0x0000000785d00000, 0x0000000785d00000, 0x0000000785e00000|  0%| F|  |TAMS 0x0000000785d00000, 0x0000000785d00000| Untracked 
|  94|0x0000000785e00000, 0x0000000785e00000, 0x0000000785f00000|  0%| F|  |TAMS 0x0000000785e00000, 0x0000000785e00000| Untracked 
|  95|0x0000000785f00000, 0x0000000785f00000, 0x0000000786000000|  0%| F|  |TAMS 0x0000000785f00000, 0x0000000785f00000| Untracked 
|  96|0x0000000786000000, 0x0000000786000000, 0x0000000786100000|  0%| F|  |TAMS 0x0000000786000000, 0x0000000786000000| Untracked 
|  97|0x0000000786100000, 0x0000000786100000, 0x0000000786200000|  0%| F|  |TAMS 0x0000000786100000, 0x0000000786100000| Untracked 
|  98|0x0000000786200000, 0x0000000786200000, 0x0000000786300000|  0%| F|  |TAMS 0x0000000786200000, 0x0000000786200000| Untracked 
|  99|0x0000000786300000, 0x0000000786300000, 0x0000000786400000|  0%| F|  |TAMS 0x0000000786300000, 0x0000000786300000| Untracked 
| 100|0x0000000786400000, 0x0000000786400000, 0x0000000786500000|  0%| F|  |TAMS 0x0000000786400000, 0x0000000786400000| Untracked 
| 101|0x0000000786500000, 0x0000000786500000, 0x0000000786600000|  0%| F|  |TAMS 0x0000000786500000, 0x0000000786500000| Untracked 
| 102|0x0000000786600000, 0x0000000786600000, 0x0000000786700000|  0%| F|  |TAMS 0x0000000786600000, 0x0000000786600000| Untracked 
| 103|0x0000000786700000, 0x0000000786700000, 0x0000000786800000|  0%| F|  |TAMS 0x0000000786700000, 0x0000000786700000| Untracked 
| 104|0x0000000786800000, 0x0000000786800000, 0x0000000786900000|  0%| F|  |TAMS 0x0000000786800000, 0x0000000786800000| Untracked 
| 105|0x0000000786900000, 0x0000000786900000, 0x0000000786a00000|  0%| F|  |TAMS 0x0000000786900000, 0x0000000786900000| Untracked 
| 106|0x0000000786a00000, 0x0000000786a00000, 0x0000000786b00000|  0%| F|  |TAMS 0x0000000786a00000, 0x0000000786a00000| Untracked 
| 107|0x0000000786b00000, 0x0000000786b00000, 0x0000000786c00000|  0%| F|  |TAMS 0x0000000786b00000, 0x0000000786b00000| Untracked 
| 108|0x0000000786c00000, 0x0000000786c00000, 0x0000000786d00000|  0%| F|  |TAMS 0x0000000786c00000, 0x0000000786c00000| Untracked 
| 109|0x0000000786d00000, 0x0000000786d00000, 0x0000000786e00000|  0%| F|  |TAMS 0x0000000786d00000, 0x0000000786d00000| Untracked 
| 110|0x0000000786e00000, 0x0000000786e00000, 0x0000000786f00000|  0%| F|  |TAMS 0x0000000786e00000, 0x0000000786e00000| Untracked 
| 111|0x0000000786f00000, 0x0000000786f00000, 0x0000000787000000|  0%| F|  |TAMS 0x0000000786f00000, 0x0000000786f00000| Untracked 
| 112|0x0000000787000000, 0x0000000787000000, 0x0000000787100000|  0%| F|  |TAMS 0x0000000787000000, 0x0000000787000000| Untracked 
| 113|0x0000000787100000, 0x0000000787200000, 0x0000000787200000|100%| S|CS|TAMS 0x0000000787100000, 0x0000000787100000| Complete 
| 114|0x0000000787200000, 0x0000000787300000, 0x0000000787300000|100%| S|CS|TAMS 0x0000000787200000, 0x0000000787200000| Complete 
| 115|0x0000000787300000, 0x0000000787300000, 0x0000000787400000|  0%| F|  |TAMS 0x0000000787300000, 0x0000000787300000| Untracked 
| 116|0x0000000787400000, 0x0000000787400000, 0x0000000787500000|  0%| F|  |TAMS 0x0000000787400000, 0x0000000787400000| Untracked 
| 117|0x0000000787500000, 0x0000000787500000, 0x0000000787600000|  0%| F|  |TAMS 0x0000000787500000, 0x0000000787500000| Untracked 
| 118|0x0000000787600000, 0x0000000787600000, 0x0000000787700000|  0%| F|  |TAMS 0x0000000787600000, 0x0000000787600000| Untracked 
| 119|0x0000000787700000, 0x0000000787700000, 0x0000000787800000|  0%| F|  |TAMS 0x0000000787700000, 0x0000000787700000| Untracked 
| 120|0x0000000787800000, 0x0000000787800000, 0x0000000787900000|  0%| F|  |TAMS 0x0000000787800000, 0x0000000787800000| Untracked 
| 121|0x0000000787900000, 0x0000000787900000, 0x0000000787a00000|  0%| F|  |TAMS 0x0000000787900000, 0x0000000787900000| Untracked 
| 122|0x0000000787a00000, 0x0000000787a00000, 0x0000000787b00000|  0%| F|  |TAMS 0x0000000787a00000, 0x0000000787a00000| Untracked 
| 123|0x0000000787b00000, 0x0000000787b00000, 0x0000000787c00000|  0%| F|  |TAMS 0x0000000787b00000, 0x0000000787b00000| Untracked 
| 124|0x0000000787c00000, 0x0000000787c00000, 0x0000000787d00000|  0%| F|  |TAMS 0x0000000787c00000, 0x0000000787c00000| Untracked 
| 125|0x0000000787d00000, 0x0000000787d7b7f8, 0x0000000787e00000| 48%| E|  |TAMS 0x0000000787d00000, 0x0000000787d00000| Complete 
| 126|0x0000000787e00000, 0x0000000787f00000, 0x0000000787f00000|100%| E|CS|TAMS 0x0000000787e00000, 0x0000000787e00000| Complete 
| 127|0x0000000787f00000, 0x0000000788000000, 0x0000000788000000|100%| E|CS|TAMS 0x0000000787f00000, 0x0000000787f00000| Complete 
|2046|0x00000007ffe00000, 0x00000007ffe77000, 0x00000007fff00000| 46%|OA|  |TAMS 0x00000007ffe00000, 0x00000007ffe00000| Untracked 
|2047|0x00000007fff00000, 0x00000007fff7d000, 0x0000000800000000| 48%|CA|  |TAMS 0x00000007fff00000, 0x00000007fff00000| Untracked 

Card table byte_map: [0x000000010538b000,0x000000010578b000] _byte_map_base: 0x000000010178b000

Marking Bits (Prev, Next): (CMBitMap*) 0x00007fae2080c010, (CMBitMap*) 0x00007fae2080c050
 Prev Bits: [0x000000011f3dd000, 0x00000001213dd000)
 Next Bits: [0x00000001213dd000, 0x00000001233dd000)

Polling page: 0x0000000104cae000

Metaspace:

Usage:
  Non-class:     11.22 MB used.
      Class:      1.40 MB used.
       Both:     12.63 MB used.

Virtual space:
  Non-class space:       64.00 MB reserved,      11.38 MB ( 18%) committed,  1 nodes.
      Class space:        1.00 GB reserved,       1.50 MB ( <1%) committed,  1 nodes.
             Both:        1.06 GB reserved,      12.88 MB (  1%) committed. 

Chunk freelists:
   Non-Class:  474.00 KB
       Class:  2.50 MB
        Both:  2.96 MB

MaxMetaspaceSize: unlimited
CompressedClassSpaceSize: 1.00 GB
Initial GC threshold: 21.00 MB
Current GC threshold: 21.00 MB
CDS: on
MetaspaceReclaimPolicy: balanced
 - commit_granule_bytes: 65536.
 - commit_granule_words: 8192.
 - virtual_space_node_default_size: 8388608.
 - enlarge_chunks_in_place: 1.
 - new_chunks_are_fully_committed: 0.
 - uncommit_free_chunks: 1.
 - use_allocation_guard: 0.


Internal statistics:

num_allocs_failed_limit: 0.
num_arena_births: 220.
num_arena_deaths: 0.
num_vsnodes_births: 2.
num_vsnodes_deaths: 0.
num_space_committed: 206.
num_space_uncommitted: 0.
num_chunks_returned_to_freelist: 0.
num_chunks_taken_from_freelist: 285.
num_chunk_merges: 0.
num_chunk_splits: 178.
num_chunks_enlarged: 107.
num_inconsistent_stats: 0.

CodeHeap 'non-profiled nmethods': size=120032Kb used=398Kb max_used=398Kb free=119634Kb
 bounds [0x0000000117ea5000, 0x0000000118115000, 0x000000011f3dd000]
CodeHeap 'profiled nmethods': size=120028Kb used=2095Kb max_used=2095Kb free=117932Kb
 bounds [0x00000001103dd000, 0x000000011064d000, 0x0000000117914000]
CodeHeap 'non-nmethods': size=5700Kb used=1402Kb max_used=1412Kb free=4298Kb
 bounds [0x0000000117914000, 0x0000000117b84000, 0x0000000117ea5000]
 total_blobs=1985 nmethods=1313 adapters=584
 compilation: enabled
              stopped_count=0, restarted_count=0
 full_count=0

Compilation events (20 events):
Event: 12.436 Thread 0x00007fae1f038200 nmethod 1303 0x00000001105e6390 code [0x00000001105e65a0, 0x00000001105e6c30]
Event: 12.455 Thread 0x00007fae1f027c00 nmethod 1295 0x0000000117f05910 code [0x0000000117f05b20, 0x0000000117f06870]
Event: 12.455 Thread 0x00007fae1f027c00 1304       4       java.lang.AbstractStringBuilder::append (77 bytes)
Event: 12.464 Thread 0x00007fae1f027c00 nmethod 1304 0x0000000117f06f10 code [0x0000000117f070c0, 0x0000000117f075a8]
Event: 12.464 Thread 0x00007fae1f038200 1309       1       sun.java2d.loops.SurfaceType::getUniqueID (5 bytes)
Event: 12.464 Thread 0x00007fae1f038200 nmethod 1309 0x0000000117f07810 code [0x0000000117f079a0, 0x0000000117f07a50]
Event: 12.468 Thread 0x00007fae1f038200 1310       1       sun.java2d.loops.CompositeType::getUniqueID (5 bytes)
Event: 12.468 Thread 0x00007fae1f038200 nmethod 1310 0x0000000117f07b10 code [0x0000000117f07ca0, 0x0000000117f07d50]
Event: 12.470 Thread 0x00007fae1f038200 1311  s    3       sun.java2d.loops.GraphicsPrimitive::makeUniqueID (26 bytes)
Event: 12.470 Thread 0x00007fae1f038200 nmethod 1311 0x00000001105e6e90 code [0x00000001105e7040, 0x00000001105e7250]
Event: 12.470 Thread 0x00007fae1f038200 1312       3       sun.java2d.loops.GraphicsPrimitive::<init> (75 bytes)
Event: 12.471 Thread 0x00007fae1f038200 nmethod 1312 0x00000001105e7390 code [0x00000001105e7580, 0x00000001105e7b30]
Event: 12.535 Thread 0x00007fae1f038200 1314       3       java.util.concurrent.ConcurrentHashMap::sumCount (60 bytes)
Event: 12.535 Thread 0x00007fae1f038200 nmethod 1314 0x00000001105e7d90 code [0x00000001105e7f40, 0x00000001105e81b0]
Event: 12.552 Thread 0x00007fae1f038200 1315       1       sun.util.locale.BaseLocale::getRegion (5 bytes)
Event: 12.552 Thread 0x00007fae1f038200 nmethod 1315 0x0000000117f08110 code [0x0000000117f082a0, 0x0000000117f08370]
Event: 12.552 Thread 0x00007fae1f038200 1316       3       java.util.logging.LogManager$LoggerContext::requiresDefaultLoggers (29 bytes)
Event: 12.553 Thread 0x00007fae1f038200 nmethod 1316 0x00000001105e8310 code [0x00000001105e84c0, 0x00000001105e86e0]
Event: 12.554 Thread 0x00007fae1f038200 1317       3       java.awt.Component::checkTreeLock (21 bytes)
Event: 12.555 Thread 0x00007fae1f038200 nmethod 1317 0x00000001105e8790 code [0x00000001105e8960, 0x00000001105e8bf0]

GC Heap History (2 events):
Event: 5.259 GC heap before
{Heap before GC invocations=0 (full 0):
 garbage-first heap   total 133120K, used 14288K [0x0000000780000000, 0x0000000800000000)
  region size 1024K, 13 young (13312K), 0 survivors (0K)
 Metaspace       used 10347K, committed 10624K, reserved 1114112K
  class space    used 1137K, committed 1280K, reserved 1048576K
}
Event: 5.286 GC heap after
{Heap after GC invocations=1 (full 0):
 garbage-first heap   total 133120K, used 4088K [0x0000000780000000, 0x0000000800000000)
  region size 1024K, 2 young (2048K), 2 survivors (2048K)
 Metaspace       used 10347K, committed 10624K, reserved 1114112K
  class space    used 1137K, committed 1280K, reserved 1048576K
}

Dll operation events (14 events):
Event: 0.016 Loaded shared library /Users/liliyasayfutdinova/Library/Java/JavaVirtualMachines/openjdk-19.0.1/Contents/Home/lib/libjava.dylib
Event: 0.184 Loaded shared library /Users/liliyasayfutdinova/Library/Java/JavaVirtualMachines/openjdk-19.0.1/Contents/Home/lib/libzip.dylib
Event: 0.187 Loaded shared library /Users/liliyasayfutdinova/Library/Java/JavaVirtualMachines/openjdk-19.0.1/Contents/Home/lib/libinstrument.dylib
Event: 0.204 Loaded shared library /Users/liliyasayfutdinova/Library/Java/JavaVirtualMachines/openjdk-19.0.1/Contents/Home/lib/libnio.dylib
Event: 0.231 Loaded shared library /Users/liliyasayfutdinova/Library/Java/JavaVirtualMachines/openjdk-19.0.1/Contents/Home/lib/libzip.dylib
Event: 0.374 Loaded shared library /Users/liliyasayfutdinova/Library/Java/JavaVirtualMachines/openjdk-19.0.1/Contents/Home/lib/libnet.dylib
Event: 0.387 Loaded shared library /Users/liliyasayfutdinova/Library/Java/JavaVirtualMachines/openjdk-19.0.1/Contents/Home/lib/libextnet.dylib
Event: 0.398 Loaded shared library /Users/liliyasayfutdinova/Library/Java/JavaVirtualMachines/openjdk-19.0.1/Contents/Home/lib/libjimage.dylib
Event: 0.451 Loaded shared library /Users/liliyasayfutdinova/Library/Java/JavaVirtualMachines/openjdk-19.0.1/Contents/Home/lib/libawt.dylib
Event: 0.460 Loaded shared library /Users/liliyasayfutdinova/Library/Java/JavaVirtualMachines/openjdk-19.0.1/Contents/Home/lib/libawt_lwawt.dylib
Event: 0.637 Loaded shared library /Users/liliyasayfutdinova/Library/Java/JavaVirtualMachines/openjdk-19.0.1/Contents/Home/lib/libfontmanager.dylib
Event: 2.105 Loaded shared library /Users/liliyasayfutdinova/Library/Java/JavaVirtualMachines/openjdk-19.0.1/Contents/Home/lib/libosxui.dylib
Event: 2.641 Loaded shared library /Users/liliyasayfutdinova/Library/Java/JavaVirtualMachines/openjdk-19.0.1/Contents/Home/lib/libmanagement.dylib
Event: 2.780 Loaded shared library /Users/liliyasayfutdinova/Library/Java/JavaVirtualMachines/openjdk-19.0.1/Contents/Home/lib/libmanagement_ext.dylib

Deoptimization events (20 events):
Event: 4.225 Thread 0x00007fae1f13c200 Uncommon trap: trap_request=0xffffff45 fr.pc=0x0000000117eec448 relative=0x00000000000000a8
Event: 4.225 Thread 0x00007fae1f13c200 Uncommon trap: reason=unstable_if action=reinterpret pc=0x0000000117eec448 method=jdk.internal.util.xml.impl.Parser.bappend(CC)V @ 1 c2
Event: 4.225 Thread 0x00007fae1f13c200 DEOPT PACKING pc=0x0000000117eec448 sp=0x00007000115ebdf0
Event: 4.225 Thread 0x00007fae1f13c200 DEOPT UNPACKING pc=0x000000011797a299 sp=0x00007000115ebd98 mode 2
Event: 9.769 Thread 0x00007fae1f13c200 Uncommon trap: trap_request=0xffffff45 fr.pc=0x0000000117eed384 relative=0x00000000000000e4
Event: 9.769 Thread 0x00007fae1f13c200 Uncommon trap: reason=unstable_if action=reinterpret pc=0x0000000117eed384 method=java.lang.ref.SoftReference.get()Ljava/lang/Object; @ 17 c2
Event: 9.769 Thread 0x00007fae1f13c200 DEOPT PACKING pc=0x0000000117eed384 sp=0x00007000115ebe10
Event: 9.769 Thread 0x00007fae1f13c200 DEOPT UNPACKING pc=0x000000011797a299 sp=0x00007000115ebdc0 mode 2
Event: 9.795 Thread 0x00007fae1f13c200 Uncommon trap: trap_request=0xffffff45 fr.pc=0x0000000117edd984 relative=0x00000000000001c4
Event: 9.795 Thread 0x00007fae1f13c200 Uncommon trap: reason=unstable_if action=reinterpret pc=0x0000000117edd984 method=java.util.HashMap.getNode(Ljava/lang/Object;)Ljava/util/HashMap$Node; @ 66 c2
Event: 9.795 Thread 0x00007fae1f13c200 DEOPT PACKING pc=0x0000000117edd984 sp=0x00007000115ec8e0
Event: 9.795 Thread 0x00007fae1f13c200 DEOPT UNPACKING pc=0x000000011797a299 sp=0x00007000115ec880 mode 2
Event: 10.041 Thread 0x00007fae1f220200 Uncommon trap: trap_request=0xffffff76 fr.pc=0x0000000117ee71ac relative=0x00000000000001ec
Event: 10.041 Thread 0x00007fae1f220200 Uncommon trap: reason=predicate action=maybe_recompile pc=0x0000000117ee71ac method=java.util.regex.Pattern$BmpCharPropertyGreedy.match(Ljava/util/regex/Matcher;ILjava/lang/CharSequence;)Z @ 12 c2
Event: 10.041 Thread 0x00007fae1f220200 DEOPT PACKING pc=0x0000000117ee71ac sp=0x00007000119f90e0
Event: 10.041 Thread 0x00007fae1f220200 DEOPT UNPACKING pc=0x000000011797a299 sp=0x00007000119f90b8 mode 2
Event: 10.046 Thread 0x00007fae1f220200 Uncommon trap: trap_request=0xffffff45 fr.pc=0x0000000117ef73e8 relative=0x0000000000000048
Event: 10.046 Thread 0x00007fae1f220200 Uncommon trap: reason=unstable_if action=reinterpret pc=0x0000000117ef73e8 method=java.lang.CharacterData.of(I)Ljava/lang/CharacterData; @ 4 c2
Event: 10.046 Thread 0x00007fae1f220200 DEOPT PACKING pc=0x0000000117ef73e8 sp=0x00007000119f8890
Event: 10.047 Thread 0x00007fae1f220200 DEOPT UNPACKING pc=0x000000011797a299 sp=0x00007000119f8850 mode 2

Classes loaded (20 events):
Event: 12.483 Loading class sun/java2d/DefaultDisposerRecord
Event: 12.483 Loading class sun/java2d/DefaultDisposerRecord done
Event: 12.483 Loading class sun/java2d/metal/MTLSurfaceData$1
Event: 12.483 Loading class sun/java2d/metal/MTLSurfaceData$1 done
Event: 12.492 Loading class sun/java2d/pipe/BufferedPaints
Event: 12.492 Loading class sun/java2d/pipe/BufferedPaints done
Event: 12.533 Loading class java/util/concurrent/locks/ReentrantReadWriteLock$Sync$HoldCounter
Event: 12.534 Loading class java/util/concurrent/locks/ReentrantReadWriteLock$Sync$HoldCounter done
Event: 12.552 Loading class java/awt/peer/LightweightPeer
Event: 12.552 Loading class java/awt/peer/LightweightPeer done
Event: 12.553 Loading class sun/awt/LightweightPeerHolder
Event: 12.553 Loading class sun/awt/LightweightPeerHolder done
Event: 12.553 Loading class sun/awt/NullComponentPeer
Event: 12.554 Loading class java/awt/peer/PanelPeer
Event: 12.554 Loading class java/awt/peer/PanelPeer done
Event: 12.554 Loading class sun/awt/NullComponentPeer done
Event: 12.554 Loading class sun/lwawt/macosx/CDropTarget
Event: 12.555 Loading class sun/lwawt/PlatformDropTarget
Event: 12.555 Loading class sun/lwawt/PlatformDropTarget done
Event: 12.555 Loading class sun/lwawt/macosx/CDropTarget done

Classes unloaded (0 events):
No events

Classes redefined (0 events):
No events

Internal exceptions (20 events):
Event: 2.213 Thread 0x00007fae20008600 Exception <a 'java/lang/ClassNotFoundException'{0x0000000787bc13e8}: com/apple/laf/resources/spi/aquaProvider> (0x0000000787bc13e8) 
thrown [open/src/hotspot/share/classfile/systemDictionary.cpp, line 255]
Event: 2.475 Thread 0x00007fae1f13c200 Exception <a 'java/lang/NoSuchMethodError'{0x000000078792a548}: 'java.lang.Object java.lang.invoke.Invokers$Holder.invokeExact_MT(java.lang.Object, java.lang.Object, java.lang.Object, java.lang.Object, java.lang.Object, java.lang.Object)'> (0x000000078792a548) 
thrown [open/src/hotspot/share/interpreter/linkResolver.cpp, line 774]
Event: 2.495 Thread 0x00007fae20008600 Exception <a 'java/lang/ClassNotFoundException'{0x0000000787a34458}: com/sun/swing/internal/plaf/basic/resources/spi/basicProvider> (0x0000000787a34458) 
thrown [open/src/hotspot/share/classfile/systemDictionary.cpp, line 255]
Event: 2.647 Thread 0x00007fae20008600 Implicit null exception at 0x0000000117ecefd8 to 0x0000000117ecf06a
Event: 2.653 Thread 0x00007fae20008600 Exception <a 'java/lang/NoSuchMethodError'{0x0000000787952ba8}: 'int java.lang.invoke.Invokers$Holder.invokeExact_MT(java.lang.Object, java.lang.Object)'> (0x0000000787952ba8) 
thrown [open/src/hotspot/share/interpreter/linkResolver.cpp, line 774]
Event: 2.795 Thread 0x00007fae1f13c200 Exception <a 'java/lang/NoSuchMethodError'{0x0000000787992328}: 'int java.lang.invoke.DirectMethodHandle$Holder.invokeInterface(java.lang.Object, java.lang.Object)'> (0x0000000787992328) 
thrown [open/src/hotspot/share/interpreter/linkResolver.cpp, line 774]
Event: 2.797 Thread 0x00007fae1f13c200 Exception <a 'java/lang/IncompatibleClassChangeError'{0x0000000787995810}: Found class java.lang.Object, but interface was expected> (0x0000000787995810) 
thrown [open/src/hotspot/share/interpreter/linkResolver.cpp, line 841]
Event: 3.080 Thread 0x00007fae1f13c200 Exception <a 'java/lang/NoSuchMethodError'{0x00000007878b86c8}: 'int java.lang.invoke.DirectMethodHandle$Holder.invokeSpecial(java.lang.Object, java.lang.Object, java.lang.Object)'> (0x00000007878b86c8) 
thrown [open/src/hotspot/share/interpreter/linkResolver.cpp, line 774]
Event: 3.362 Thread 0x00007fae1f13c200 Exception <a 'java/lang/NoSuchMethodError'{0x0000000787783080}: 'java.lang.Object java.lang.invoke.DirectMethodHandle$Holder.invokeStaticInit(java.lang.Object, java.lang.Object, java.lang.Object)'> (0x0000000787783080) 
thrown [open/src/hotspot/share/interpreter/linkResolver.cpp, line 774]
Event: 9.785 Thread 0x00007fae1f13c200 Exception <a 'java/lang/ClassNotFoundException'{0x0000000787fc4260}: javax/management/remote/rmi/RMIServerImpl_Skel> (0x0000000787fc4260) 
thrown [open/src/hotspot/share/classfile/systemDictionary.cpp, line 255]
Event: 9.818 Thread 0x00007fae1f13c200 Exception <a 'java/lang/NoSuchMethodError'{0x0000000787fede48}: 'long java.lang.invoke.DirectMethodHandle$Holder.invokeSpecial(java.lang.Object, java.lang.Object)'> (0x0000000787fede48) 
thrown [open/src/hotspot/share/interpreter/linkResolver.cpp, line 774]
Event: 9.819 Thread 0x00007fae1f13c200 Exception <a 'java/lang/NoSuchMethodError'{0x0000000787ff17a0}: 'long java.lang.invoke.Invokers$Holder.invokeExact_MT(java.lang.Object, java.lang.Object)'> (0x0000000787ff17a0) 
thrown [open/src/hotspot/share/interpreter/linkResolver.cpp, line 774]
Event: 10.037 Thread 0x00007fae1f220200 Exception <a 'java/lang/ClassNotFoundException'{0x0000000787e2a298}: sun/util/logging/resources/spi/loggingProvider> (0x0000000787e2a298) 
thrown [open/src/hotspot/share/classfile/systemDictionary.cpp, line 255]
Event: 12.121 Thread 0x00007fae20008600 Exception <a 'java/lang/NoSuchMethodError'{0x0000000787eb94d8}: 'void java.lang.invoke.Invokers$Holder.invokeExact_MT(java.lang.Object, java.lang.Object, java.lang.Object, java.lang.Object)'> (0x0000000787eb94d8) 
thrown [open/src/hotspot/share/interpreter/linkResolver.cpp, line 774]
Event: 12.231 Thread 0x00007fae20008600 Exception <a 'java/lang/NoSuchMethodError'{0x0000000787ec5850}: 'java.lang.Object java.lang.invoke.DirectMethodHandle$Holder.newInvokeSpecial(java.lang.Object, java.lang.Object, java.lang.Object, int, java.lang.Object)'> (0x0000000787ec5850) 
thrown [open/src/hotspot/share/interpreter/linkResolver.cpp, line 774]
Event: 12.232 Thread 0x00007fae20008600 Exception <a 'java/lang/NoSuchMethodError'{0x0000000787ecd180}: 'java.lang.Object java.lang.invoke.Invokers$Holder.linkToTargetMethod(java.lang.Object, java.lang.Object, int, java.lang.Object, java.lang.Object)'> (0x0000000787ecd180) 
thrown [open/src/hotspot/share/interpreter/linkResolver.cpp, line 774]
Event: 12.299 Thread 0x00007fae20008600 Exception <a 'java/lang/NoSuchMethodError'{0x0000000787ed1340}: 'void java.lang.invoke.DirectMethodHandle$Holder.invokeStatic(java.lang.Object, int, long)'> (0x0000000787ed1340) 
thrown [open/src/hotspot/share/interpreter/linkResolver.cpp, line 774]
Event: 12.312 Thread 0x00007fae1f1ef800 Exception <a 'java/lang/NoSuchMethodError'{0x0000000787ea92b0}: 'void java.lang.invoke.DirectMethodHandle$Holder.invokeStatic(java.lang.Object, long)'> (0x0000000787ea92b0) 
thrown [open/src/hotspot/share/interpreter/linkResolver.cpp, line 774]
Event: 12.344 Thread 0x00007fae20008600 Exception <a 'java/lang/NoSuchMethodError'{0x0000000787ef5980}: 'java.lang.Object java.lang.invoke.Invokers$Holder.linkToTargetMethod(int, int, int, int, java.lang.Object)'> (0x0000000787ef5980) 
thrown [open/src/hotspot/share/interpreter/linkResolver.cpp, line 774]
Event: 12.344 Thread 0x00007fae20008600 Exception <a 'java/lang/NoSuchMethodError'{0x0000000787ef9258}: 'void java.lang.invoke.DirectMethodHandle$Holder.invokeStatic(java.lang.Object, java.lang.Object, long)'> (0x0000000787ef9258) 
thrown [open/src/hotspot/share/interpreter/linkResolver.cpp, line 774]

VM Operations (20 events):
Event: 2.766 Executing VM operation: HandshakeAllThreads
Event: 2.766 Executing VM operation: HandshakeAllThreads done
Event: 3.768 Executing VM operation: Cleanup
Event: 3.770 Executing VM operation: Cleanup done
Event: 4.553 Executing VM operation: HandshakeAllThreads
Event: 4.553 Executing VM operation: HandshakeAllThreads done
Event: 5.259 Executing VM operation: G1CollectForAllocation
Event: 5.297 Executing VM operation: G1CollectForAllocation done
Event: 5.298 Executing VM operation: HandshakeAllThreads
Event: 5.298 Executing VM operation: HandshakeAllThreads done
Event: 9.827 Executing VM operation: HandshakeAllThreads
Event: 9.827 Executing VM operation: HandshakeAllThreads done
Event: 9.827 Executing VM operation: Cleanup
Event: 9.828 Executing VM operation: Cleanup done
Event: 10.047 Executing VM operation: HandshakeAllThreads
Event: 10.047 Executing VM operation: HandshakeAllThreads done
Event: 11.050 Executing VM operation: Cleanup
Event: 11.061 Executing VM operation: Cleanup done
Event: 12.068 Executing VM operation: Cleanup
Event: 12.079 Executing VM operation: Cleanup done

Events (20 events):
Event: 0.757 Thread 0x00007fae20887200 Thread added: 0x00007fae20887200
Event: 0.757 Protecting memory [0x0000700010f56000,0x0000700010f5a000] with protection modes 0
Event: 1.041 Thread 0x00007fae208e8200 Thread added: 0x00007fae208e8200
Event: 1.041 Protecting memory [0x00007000112e8000,0x00007000112ec000] with protection modes 0
Event: 1.542 Thread 0x00007fae208eca00 Thread added: 0x00007fae208eca00
Event: 1.542 Protecting memory [0x00007000113eb000,0x00007000113ef000] with protection modes 0
Event: 2.159 Thread 0x00007fae1f13c200 Thread added: 0x00007fae1f13c200
Event: 2.159 Protecting memory [0x00007000114ee000,0x00007000114f2000] with protection modes 0
Event: 5.299 Protecting memory [0x0000700010f56000,0x0000700010f5a000] with protection modes 3
Event: 5.299 Thread 0x00007fae20887200 Thread exited: 0x00007fae20887200
Event: 6.062 Thread 0x00007fae1f0c9000 Thread added: 0x00007fae1f0c9000
Event: 6.062 Protecting memory [0x0000700010f56000,0x0000700010f5a000] with protection modes 0
Event: 7.635 Protecting memory [0x0000700010f56000,0x0000700010f5a000] with protection modes 3
Event: 7.635 Thread 0x00007fae1f0c9000 Thread exited: 0x00007fae1f0c9000
Event: 7.887 Thread 0x00007fae210b0e00 Thread added: 0x00007fae210b0e00
Event: 7.888 Protecting memory [0x0000700010f56000,0x0000700010f5a000] with protection modes 0
Event: 9.812 Thread 0x00007fae1f220200 Thread added: 0x00007fae1f220200
Event: 9.812 Protecting memory [0x00007000118fa000,0x00007000118fe000] with protection modes 0
Event: 12.099 Thread 0x00007fae1f1ef800 Thread added: 0x00007fae1f1ef800
Event: 12.099 Protecting memory [0x00007000119fd000,0x0000700011a01000] with protection modes 0


Dynamic libraries:
0x0000000104cb0000 	/Users/liliyasayfutdinova/Library/Java/JavaVirtualMachines/openjdk-19.0.1/Contents/Home/lib/libjli.dylib
0x00007ff81c72a000 	/usr/lib/libz.1.dylib
0x00007ff81c80a000 	/usr/lib/libSystem.B.dylib
0x00007ff81c805000 	/usr/lib/system/libcache.dylib
0x00007ff81c7c1000 	/usr/lib/system/libcommonCrypto.dylib
0x00007ff81c7ea000 	/usr/lib/system/libcompiler_rt.dylib
0x00007ff81c7e0000 	/usr/lib/system/libcopyfile.dylib
0x00007ff811793000 	/usr/lib/system/libcorecrypto.dylib
0x00007ff811851000 	/usr/lib/system/libdispatch.dylib
0x00007ff811a12000 	/usr/lib/system/libdyld.dylib
0x00007ff81c7fc000 	/usr/lib/system/libkeymgr.dylib
0x00007ff81c79f000 	/usr/lib/system/libmacho.dylib
0x00007ff81be20000 	/usr/lib/system/libquarantine.dylib
0x00007ff81c7fa000 	/usr/lib/system/libremovefile.dylib
0x00007ff8169ab000 	/usr/lib/system/libsystem_asl.dylib
0x00007ff81173c000 	/usr/lib/system/libsystem_blocks.dylib
0x00007ff8118d6000 	/usr/lib/system/libsystem_c.dylib
0x00007ff81c7f2000 	/usr/lib/system/libsystem_collections.dylib
0x00007ff81b0d4000 	/usr/lib/system/libsystem_configuration.dylib
0x00007ff81a37d000 	/usr/lib/system/libsystem_containermanager.dylib
0x00007ff81c4d7000 	/usr/lib/system/libsystem_coreservices.dylib
0x00007ff814049000 	/usr/lib/system/libsystem_darwin.dylib
0x00007ff81c7fd000 	/usr/lib/system/libsystem_dnssd.dylib
0x00007ff8118d3000 	/usr/lib/system/libsystem_featureflags.dylib
0x00007ff811a28000 	/usr/lib/system/libsystem_info.dylib
0x00007ff81c73d000 	/usr/lib/system/libsystem_m.dylib
0x00007ff811825000 	/usr/lib/system/libsystem_malloc.dylib
0x00007ff816946000 	/usr/lib/system/libsystem_networkextension.dylib
0x00007ff814473000 	/usr/lib/system/libsystem_notify.dylib
0x00007ff822a81000 	/usr/lib/system/libsystem_product_info_filter.dylib
0x00007ff81b0d8000 	/usr/lib/system/libsystem_sandbox.dylib
0x00007ff81c7f7000 	/usr/lib/system/libsystem_secinit.dylib
0x00007ff8119ce000 	/usr/lib/system/libsystem_kernel.dylib
0x00007ff811a1e000 	/usr/lib/system/libsystem_platform.dylib
0x00007ff811a06000 	/usr/lib/system/libsystem_pthread.dylib
0x00007ff8181f9000 	/usr/lib/system/libsystem_symptoms.dylib
0x00007ff81177a000 	/usr/lib/system/libsystem_trace.dylib
0x00007ff81c7cd000 	/usr/lib/system/libunwind.dylib
0x00007ff81173e000 	/usr/lib/system/libxpc.dylib
0x00007ff8119b8000 	/usr/lib/libc++abi.dylib
0x00007ff811898000 	/usr/lib/libobjc.A.dylib
0x00007ff81c7d8000 	/usr/lib/liboah.dylib
0x00007ff81195f000 	/usr/lib/libc++.1.dylib
0x00007ff82889e000 	/System/Library/Frameworks/Cocoa.framework/Versions/A/Cocoa
0x00007ff8144d1000 	/System/Library/Frameworks/AppKit.framework/Versions/C/AppKit
0x00007ff8179e7000 	/System/Library/Frameworks/CoreData.framework/Versions/A/CoreData
0x00007ff8128d0000 	/System/Library/Frameworks/Foundation.framework/Versions/C/Foundation
0x00007ff815361000 	/System/Library/PrivateFrameworks/UIFoundation.framework/Versions/A/UIFoundation
0x00007ff822784000 	/System/Library/PrivateFrameworks/RemoteViewServices.framework/Versions/A/RemoteViewServices
0x00007ff81aa5d000 	/System/Library/PrivateFrameworks/XCTTargetBootstrap.framework/Versions/A/XCTTargetBootstrap
0x00007ff81e61a000 	/System/Library/PrivateFrameworks/InternationalSupport.framework/Versions/A/InternationalSupport
0x00007ff81e6a4000 	/System/Library/PrivateFrameworks/UserActivity.framework/Versions/A/UserActivity
0x00007ff81d9f2000 	/usr/lib/libspindump.dylib
0x00007ff8155f0000 	/System/Library/Frameworks/UniformTypeIdentifiers.framework/Versions/A/UniformTypeIdentifiers
0x00007ff819182000 	/usr/lib/libapp_launch_measurement.dylib
0x00007ff8183b9000 	/System/Library/PrivateFrameworks/CoreAnalytics.framework/Versions/A/CoreAnalytics
0x00007ff819185000 	/System/Library/PrivateFrameworks/CoreAutoLayout.framework/Versions/A/CoreAutoLayout
0x00007ff81a3b5000 	/System/Library/Frameworks/Metal.framework/Versions/A/Metal
0x00007ff81b0e4000 	/usr/lib/liblangid.dylib
0x00007ff81aa62000 	/System/Library/PrivateFrameworks/CoreSVG.framework/Versions/A/CoreSVG
0x00007ff8169db000 	/System/Library/PrivateFrameworks/SkyLight.framework/Versions/A/SkyLight
0x00007ff816d7a000 	/System/Library/Frameworks/CoreGraphics.framework/Versions/A/CoreGraphics
0x00007ff822e46000 	/System/Library/Frameworks/Accelerate.framework/Versions/A/Accelerate
0x00007ff81d471000 	/System/Library/PrivateFrameworks/IconServices.framework/Versions/A/IconServices
0x00007ff81a39a000 	/System/Library/Frameworks/IOSurface.framework/Versions/A/IOSurface
0x00007ff8183e7000 	/usr/lib/libDiagnosticMessagesClient.dylib
0x00007ff826542000 	/System/Library/Frameworks/ApplicationServices.framework/Versions/A/ApplicationServices
0x00007ff81aa49000 	/System/Library/PrivateFrameworks/DFRFoundation.framework/Versions/A/DFRFoundation
0x00007ff813db5000 	/usr/lib/libicucore.A.dylib
0x00007ff81f410000 	/System/Library/Frameworks/AudioToolbox.framework/Versions/A/AudioToolbox
0x00007ff81e626000 	/System/Library/PrivateFrameworks/DataDetectorsCore.framework/Versions/A/DataDetectorsCore
0x00007ff91ab2a000 	/System/Library/PrivateFrameworks/TextInput.framework/Versions/A/TextInput
0x00007ff81695e000 	/usr/lib/libMobileGestalt.dylib
0x00007ff81a755000 	/System/Library/Frameworks/Carbon.framework/Versions/A/Frameworks/HIToolbox.framework/Versions/A/HIToolbox
0x00007ff818b84000 	/System/Library/Frameworks/QuartzCore.framework/Versions/A/QuartzCore
0x00007ff813a5a000 	/System/Library/Frameworks/Security.framework/Versions/A/Security
0x00007ff8227bc000 	/System/Library/Frameworks/Carbon.framework/Versions/A/Frameworks/SpeechRecognition.framework/Versions/A/SpeechRecognition
0x00007ff818ee2000 	/System/Library/PrivateFrameworks/CoreUI.framework/Versions/A/CoreUI
0x00007ff813324000 	/System/Library/Frameworks/CoreAudio.framework/Versions/A/CoreAudio
0x00007ff8184d6000 	/System/Library/Frameworks/DiskArbitration.framework/Versions/A/DiskArbitration
0x00007ff81dde3000 	/System/Library/PrivateFrameworks/MultitouchSupport.framework/Versions/A/MultitouchSupport
0x00007ff81695d000 	/usr/lib/libenergytrace.dylib
0x00007ff8143b9000 	/System/Library/Frameworks/IOKit.framework/Versions/A/IOKit
0x00007ff822bae000 	/System/Library/Frameworks/CoreServices.framework/Versions/A/CoreServices
0x00007ff81911c000 	/System/Library/PrivateFrameworks/PerformanceAnalysis.framework/Versions/A/PerformanceAnalysis
0x00007ffa2a7f8000 	/System/Library/Frameworks/OpenGL.framework/Versions/A/OpenGL
0x00007ff81bd46000 	/System/Library/PrivateFrameworks/MobileKeyBag.framework/Versions/A/MobileKeyBag
0x00007ff817446000 	/System/Library/Frameworks/ColorSync.framework/Versions/A/ColorSync
0x00007ff811a53000 	/System/Library/Frameworks/CoreFoundation.framework/Versions/A/CoreFoundation
0x00007ff81acda000 	/System/Library/Frameworks/CoreImage.framework/Versions/A/CoreImage
0x00007ff813138000 	/System/Library/Frameworks/CoreText.framework/Versions/A/CoreText
0x00007ff81aa92000 	/System/Library/Frameworks/ImageIO.framework/Versions/A/ImageIO
0x00007ff81c810000 	/System/Library/PrivateFrameworks/SoftLinking.framework/Versions/A/SoftLinking
0x00007ff8191cd000 	/usr/lib/libxml2.2.dylib
0x00007ff81ca94000 	/usr/lib/libcompression.dylib
0x00007ff81e54d000 	/System/Library/PrivateFrameworks/TextureIO.framework/Versions/A/TextureIO
0x00007ff81d182000 	/usr/lib/libate.dylib
0x00007ff81cf5e000 	/usr/lib/liblzma.5.dylib
0x00007ff8125e2000 	/System/Library/Frameworks/SystemConfiguration.framework/Versions/A/SystemConfiguration
0x00007ff81c80c000 	/usr/lib/libfakelink.dylib
0x00007ff8164b7000 	/System/Library/Frameworks/CFNetwork.framework/Versions/A/CFNetwork
0x00007ff81c94d000 	/usr/lib/libarchive.2.dylib
0x00007ff81b0e0000 	/System/Library/PrivateFrameworks/AppleSystemInfo.framework/Versions/A/AppleSystemInfo
0x00007ff81be47000 	/usr/lib/libbsm.0.dylib
0x00007ff815ac6000 	/usr/lib/libnetwork.dylib
0x00007ff81c7a5000 	/usr/lib/system/libkxld.dylib
0x00007ff81ba7a000 	/System/Library/PrivateFrameworks/IOMobileFramebuffer.framework/Versions/A/IOMobileFramebuffer
0x00007ffb2a1ae000 	/usr/lib/libCoreEntitlements.dylib
0x00007ff81c4b9000 	/System/Library/PrivateFrameworks/AppleFSCompression.framework/Versions/A/AppleFSCompression
0x00007ff81be2f000 	/usr/lib/libcoretls.dylib
0x00007ff81cf78000 	/usr/lib/libcoretls_cfhelpers.dylib
0x00007ff81ca8e000 	/usr/lib/libpam.2.dylib
0x00007ff817e18000 	/usr/lib/libsqlite3.dylib
0x00007ff81cfe7000 	/usr/lib/libxar.1.dylib
0x00007ff81c4c9000 	/usr/lib/libbz2.1.0.dylib
0x00007ff81c811000 	/usr/lib/libpcap.A.dylib
0x00007ff8181f1000 	/usr/lib/libdns_services.dylib
0x00007ff81ca5e000 	/usr/lib/libapple_nghttp2.dylib
0x00007ff81c84b000 	/usr/lib/libiconv.2.dylib
0x00007ff81c79e000 	/usr/lib/libcharset.1.dylib
0x00007ff819150000 	/System/Library/Frameworks/CoreServices.framework/Versions/A/Frameworks/FSEvents.framework/Versions/A/FSEvents
0x00007ff814053000 	/System/Library/Frameworks/CoreServices.framework/Versions/A/Frameworks/CarbonCore.framework/Versions/A/CarbonCore
0x00007ff81843a000 	/System/Library/Frameworks/CoreServices.framework/Versions/A/Frameworks/Metadata.framework/Versions/A/Metadata
0x00007ff81c4dc000 	/System/Library/Frameworks/CoreServices.framework/Versions/A/Frameworks/OSServices.framework/Versions/A/OSServices
0x00007ff81c9d3000 	/System/Library/Frameworks/CoreServices.framework/Versions/A/Frameworks/SearchKit.framework/Versions/A/SearchKit
0x00007ff818183000 	/System/Library/Frameworks/CoreServices.framework/Versions/A/Frameworks/AE.framework/Versions/A/AE
0x00007ff811f56000 	/System/Library/Frameworks/CoreServices.framework/Versions/A/Frameworks/LaunchServices.framework/Versions/A/LaunchServices
0x00007ff81cf0f000 	/System/Library/Frameworks/CoreServices.framework/Versions/A/Frameworks/DictionaryServices.framework/Versions/A/DictionaryServices
0x00007ff81915d000 	/System/Library/Frameworks/CoreServices.framework/Versions/A/Frameworks/SharedFileList.framework/Versions/A/SharedFileList
0x00007ff81be23000 	/usr/lib/libCheckFix.dylib
0x00007ff8169c2000 	/System/Library/PrivateFrameworks/TCC.framework/Versions/A/TCC
0x00007ff81b0e6000 	/System/Library/PrivateFrameworks/CoreNLP.framework/Versions/A/CoreNLP
0x00007ff8183ea000 	/System/Library/PrivateFrameworks/MetadataUtilities.framework/Versions/A/MetadataUtilities
0x00007ff812693000 	/usr/lib/libmecabra.dylib
0x00007ff81be57000 	/usr/lib/libmecab.dylib
0x00007ff81265e000 	/usr/lib/libCRFSuite.dylib
0x00007ff81beb1000 	/usr/lib/libgermantok.dylib
0x00007ff81ca39000 	/usr/lib/libThaiTokenizer.dylib
0x00007ff8184dd000 	/System/Library/Frameworks/Accelerate.framework/Versions/A/Frameworks/vImage.framework/Versions/A/vImage
0x00007ff822b85000 	/System/Library/Frameworks/Accelerate.framework/Versions/A/Frameworks/vecLib.framework/Versions/A/vecLib
0x00007ff81d028000 	/System/Library/Frameworks/Accelerate.framework/Versions/A/Frameworks/vecLib.framework/Versions/A/libvMisc.dylib
0x00007ff81b8a5000 	/System/Library/Frameworks/Accelerate.framework/Versions/A/Frameworks/vecLib.framework/Versions/A/libvDSP.dylib
0x00007ff8122d2000 	/System/Library/Frameworks/Accelerate.framework/Versions/A/Frameworks/vecLib.framework/Versions/A/libBLAS.dylib
0x00007ff81cb71000 	/System/Library/Frameworks/Accelerate.framework/Versions/A/Frameworks/vecLib.framework/Versions/A/libLAPACK.dylib
0x00007ff81beb4000 	/System/Library/Frameworks/Accelerate.framework/Versions/A/Frameworks/vecLib.framework/Versions/A/libLinearAlgebra.dylib
0x00007ff81ca76000 	/System/Library/Frameworks/Accelerate.framework/Versions/A/Frameworks/vecLib.framework/Versions/A/libSparseBLAS.dylib
0x00007ff81cb6b000 	/System/Library/Frameworks/Accelerate.framework/Versions/A/Frameworks/vecLib.framework/Versions/A/libQuadrature.dylib
0x00007ff81b1d1000 	/System/Library/Frameworks/Accelerate.framework/Versions/A/Frameworks/vecLib.framework/Versions/A/libBNNS.dylib
0x00007ff81256c000 	/System/Library/Frameworks/Accelerate.framework/Versions/A/Frameworks/vecLib.framework/Versions/A/libSparse.dylib
0x00007ff81b1ca000 	/System/Library/PrivateFrameworks/LinguisticData.framework/Versions/A/LinguisticData
0x00007ff812522000 	/System/Library/PrivateFrameworks/Lexicon.framework/Versions/A/Lexicon
0x00007ff81d021000 	/usr/lib/libChineseTokenizer.dylib
0x00007ff812c8d000 	/System/Library/PrivateFrameworks/LanguageModeling.framework/Versions/A/LanguageModeling
0x00007ff81ca3b000 	/System/Library/PrivateFrameworks/AppleSauce.framework/Versions/A/AppleSauce
0x00007ff81ba68000 	/System/Library/PrivateFrameworks/CoreEmoji.framework/Versions/A/CoreEmoji
0x00007ff81c93c000 	/usr/lib/libcmph.dylib
0x00007ff819134000 	/System/Library/Frameworks/OpenDirectory.framework/Versions/A/Frameworks/CFOpenDirectory.framework/Versions/A/CFOpenDirectory
0x00007ff819128000 	/System/Library/Frameworks/OpenDirectory.framework/Versions/A/OpenDirectory
0x00007ff81cf7a000 	/System/Library/PrivateFrameworks/APFS.framework/Versions/A/APFS
0x00007ff81bd7e000 	/System/Library/Frameworks/SecurityFoundation.framework/Versions/A/SecurityFoundation
0x00007ff81cff5000 	/usr/lib/libutil.dylib
0x00007ff81437d000 	/System/Library/PrivateFrameworks/CoreServicesStore.framework/Versions/A/CoreServicesStore
0x00007ff81cff9000 	/usr/lib/libxslt.1.dylib
0x00007ff81be0b000 	/System/Library/PrivateFrameworks/BackgroundTaskManagement.framework/Versions/A/BackgroundTaskManagement
0x00007ff81e46d000 	/System/Library/Frameworks/ImageIO.framework/Versions/A/Resources/libRadiance.dylib
0x00007ff81e476000 	/System/Library/Frameworks/ImageIO.framework/Versions/A/Resources/libJPEG.dylib
0x00007ff81e3c2000 	/System/Library/Frameworks/ImageIO.framework/Versions/A/Resources/libPng.dylib
0x00007ff81e3e3000 	/System/Library/Frameworks/ImageIO.framework/Versions/A/Resources/libTIFF.dylib
0x00007ff81e4d6000 	/System/Library/Frameworks/ImageIO.framework/Versions/A/Resources/libGIF.dylib
0x00007ff81dcfc000 	/System/Library/Frameworks/ImageIO.framework/Versions/A/Resources/libJP2.dylib
0x00007ff81d437000 	/usr/lib/libexpat.1.dylib
0x00007ff81dcb1000 	/System/Library/PrivateFrameworks/AppleJPEG.framework/Versions/A/AppleJPEG
0x00007ff81a61a000 	/System/Library/PrivateFrameworks/FontServices.framework/libFontParser.dylib
0x00007ff81812d000 	/System/Library/PrivateFrameworks/RunningBoardServices.framework/Versions/A/RunningBoardServices
0x00007ff828e59000 	/System/Library/PrivateFrameworks/IOSurfaceAccelerator.framework/Versions/A/IOSurfaceAccelerator
0x00007ff81dddf000 	/System/Library/PrivateFrameworks/WatchdogClient.framework/Versions/A/WatchdogClient
0x00007ff812d7b000 	/System/Library/Frameworks/CoreDisplay.framework/Versions/A/CoreDisplay
0x00007ff81a518000 	/System/Library/Frameworks/CoreMedia.framework/Versions/A/CoreMedia
0x00007ff81a3ac000 	/System/Library/PrivateFrameworks/IOAccelerator.framework/Versions/A/IOAccelerator
0x00007ff8192b1000 	/System/Library/Frameworks/CoreVideo.framework/Versions/A/CoreVideo
0x00007ff81ca8c000 	/System/Library/Frameworks/MetalPerformanceShaders.framework/Versions/A/MetalPerformanceShaders
0x00007ff81de1c000 	/System/Library/Frameworks/VideoToolbox.framework/Versions/A/VideoToolbox
0x00007ff818077000 	/System/Library/PrivateFrameworks/BaseBoard.framework/Versions/A/BaseBoard
0x00007ff817dfe000 	/System/Library/PrivateFrameworks/ProtocolBuffer.framework/Versions/A/ProtocolBuffer
0x00007ff81e466000 	/System/Library/PrivateFrameworks/GPUWrangler.framework/Versions/A/GPUWrangler
0x00007ff81e44a000 	/System/Library/PrivateFrameworks/IOPresentment.framework/Versions/A/IOPresentment
0x00007ff81e470000 	/System/Library/PrivateFrameworks/DSExternalDisplay.framework/Versions/A/DSExternalDisplay
0x00007ffa2a7ec000 	/System/Library/Frameworks/OpenGL.framework/Versions/A/Libraries/libCoreFSCache.dylib
0x00007ffb178c1000 	/System/Library/PrivateFrameworks/GPUCompiler.framework/Versions/31001/Libraries/libGPUCompilerUtils.dylib
0x00007ff81e4db000 	/System/Library/PrivateFrameworks/CMCaptureCore.framework/Versions/A/CMCaptureCore
0x00007ff81d9e0000 	/System/Library/PrivateFrameworks/AppServerSupport.framework/Versions/A/AppServerSupport
0x00007ff81fca9000 	/System/Library/PrivateFrameworks/perfdata.framework/Versions/A/perfdata
0x00007ff812ea7000 	/System/Library/PrivateFrameworks/AudioToolboxCore.framework/Versions/A/AudioToolboxCore
0x00007ff81a4f6000 	/System/Library/PrivateFrameworks/caulk.framework/Versions/A/caulk
0x00007ff81f5bb000 	/usr/lib/libAudioStatistics.dylib
0x00007ff9172af000 	/System/Library/PrivateFrameworks/SystemPolicy.framework/Versions/A/SystemPolicy
0x00007ff81f816000 	/usr/lib/libSMC.dylib
0x00007ff828751000 	/System/Library/Frameworks/CoreMIDI.framework/Versions/A/CoreMIDI
0x00007ff81e391000 	/usr/lib/libAudioToolboxUtility.dylib
0x00007ff9134cf000 	/System/Library/PrivateFrameworks/OSAServicesClient.framework/Versions/A/OSAServicesClient
0x00007ff81fcb6000 	/usr/lib/libperfcheck.dylib
0x00007ff917d60000 	/usr/lib/libmis.dylib
0x00007ffa2a847000 	/System/Library/Frameworks/OpenGL.framework/Versions/A/Libraries/libGLU.dylib
0x00007ffa2a80b000 	/System/Library/Frameworks/OpenGL.framework/Versions/A/Libraries/libGFXShared.dylib
0x00007ffa2aa14000 	/System/Library/Frameworks/OpenGL.framework/Versions/A/Libraries/libGL.dylib
0x00007ffa2a814000 	/System/Library/Frameworks/OpenGL.framework/Versions/A/Libraries/libGLImage.dylib
0x00007ffa2a808000 	/System/Library/Frameworks/OpenGL.framework/Versions/A/Libraries/libCVMSPluginSupport.dylib
0x00007ffa2a7f3000 	/System/Library/Frameworks/OpenGL.framework/Versions/A/Libraries/libCoreVMClient.dylib
0x00007ff81b062000 	/System/Library/Frameworks/MetalPerformanceShaders.framework/Versions/A/Frameworks/MPSCore.framework/Versions/A/MPSCore
0x00007ff81c424000 	/System/Library/Frameworks/MetalPerformanceShaders.framework/Versions/A/Frameworks/MPSImage.framework/Versions/A/MPSImage
0x00007ff81beca000 	/System/Library/Frameworks/MetalPerformanceShaders.framework/Versions/A/Frameworks/MPSNeuralNetwork.framework/Versions/A/MPSNeuralNetwork
0x00007ff81c33e000 	/System/Library/Frameworks/MetalPerformanceShaders.framework/Versions/A/Frameworks/MPSMatrix.framework/Versions/A/MPSMatrix
0x00007ff81c0f9000 	/System/Library/Frameworks/MetalPerformanceShaders.framework/Versions/A/Frameworks/MPSRayIntersector.framework/Versions/A/MPSRayIntersector
0x00007ff81c376000 	/System/Library/Frameworks/MetalPerformanceShaders.framework/Versions/A/Frameworks/MPSNDArray.framework/Versions/A/MPSNDArray
0x00007ffa302cc000 	/System/Library/Frameworks/MetalPerformanceShaders.framework/Versions/A/Frameworks/MPSFunctions.framework/Versions/A/MPSFunctions
0x00007ff8121ae000 	/System/Library/PrivateFrameworks/MetalTools.framework/Versions/A/MetalTools
0x00007ff81b0de000 	/System/Library/PrivateFrameworks/AggregateDictionary.framework/Versions/A/AggregateDictionary
0x00007ff81d219000 	/usr/lib/libIOReport.dylib
0x00007ffa2be23000 	/System/Library/Frameworks/OpenCL.framework/Versions/A/OpenCL
0x00007ff81d57e000 	/System/Library/PrivateFrameworks/FaceCore.framework/Versions/A/FaceCore
0x00007ff81d56f000 	/System/Library/PrivateFrameworks/GraphVisualizer.framework/Versions/A/GraphVisualizer
0x00007ffb177cc000 	/System/Library/PrivateFrameworks/FontServices.framework/Versions/A/FontServices
0x00007ff81d998000 	/System/Library/PrivateFrameworks/OTSVG.framework/Versions/A/OTSVG
0x00007ff818e97000 	/System/Library/Frameworks/ApplicationServices.framework/Versions/A/Frameworks/ATS.framework/Versions/A/Resources/libFontRegistry.dylib
0x00007ff81d9e8000 	/System/Library/PrivateFrameworks/FontServices.framework/libhvf.dylib
0x00007ffb177cd000 	/System/Library/PrivateFrameworks/FontServices.framework/libXTFontStaticRegistryData.dylib
0x00007ff81d3e7000 	/System/Library/PrivateFrameworks/AppleVA.framework/Versions/A/AppleVA
0x00007ff81f5db000 	/System/Library/Frameworks/ApplicationServices.framework/Versions/A/Frameworks/ATS.framework/Versions/A/ATS
0x00007ff817544000 	/System/Library/Frameworks/ApplicationServices.framework/Versions/A/Frameworks/HIServices.framework/Versions/A/HIServices
0x00007ff81e4e5000 	/System/Library/Frameworks/ApplicationServices.framework/Versions/A/Frameworks/PrintCore.framework/Versions/A/PrintCore
0x00007ff81f969000 	/System/Library/Frameworks/ApplicationServices.framework/Versions/A/Frameworks/QD.framework/Versions/A/QD
0x00007ff81f961000 	/System/Library/Frameworks/ApplicationServices.framework/Versions/A/Frameworks/ColorSyncLegacy.framework/Versions/A/ColorSyncLegacy
0x00007ff81f5cb000 	/System/Library/Frameworks/ApplicationServices.framework/Versions/A/Frameworks/SpeechSynthesis.framework/Versions/A/SpeechSynthesis
0x00007ff81e4a6000 	/System/Library/Frameworks/ApplicationServices.framework/Versions/A/Frameworks/ATSUI.framework/Versions/A/ATSUI
0x00007ff81f8f6000 	/usr/lib/libcups.2.dylib
0x00007ff81fcc5000 	/System/Library/Frameworks/Kerberos.framework/Versions/A/Kerberos
0x00007ff81fcd4000 	/System/Library/Frameworks/GSS.framework/Versions/A/GSS
0x00007ff81f647000 	/usr/lib/libresolv.9.dylib
0x00007ff81d9f7000 	/System/Library/PrivateFrameworks/Heimdal.framework/Versions/A/Heimdal
0x00007ff8268d4000 	/System/Library/Frameworks/Kerberos.framework/Versions/A/Libraries/libHeimdalProxy.dylib
0x00007ff818201000 	/System/Library/Frameworks/Network.framework/Versions/A/Network
0x00007ff81d452000 	/usr/lib/libheimdal-asn1.dylib
0x00007ff81fd1f000 	/System/Library/PrivateFrameworks/CommonAuth.framework/Versions/A/CommonAuth
0x00007ff81f54d000 	/System/Library/PrivateFrameworks/AudioSession.framework/Versions/A/AudioSession
0x00007ff81d4e2000 	/System/Library/PrivateFrameworks/MediaExperience.framework/Versions/A/MediaExperience
0x00007ff81f3df000 	/System/Library/PrivateFrameworks/AudioSession.framework/libSessionUtility.dylib
0x00007ff81f975000 	/System/Library/PrivateFrameworks/AudioResourceArbitration.framework/Versions/A/AudioResourceArbitration
0x00007ff8239f8000 	/System/Library/PrivateFrameworks/PowerLog.framework/Versions/A/PowerLog
0x00007ff81d45b000 	/System/Library/PrivateFrameworks/IconFoundation.framework/Versions/A/IconFoundation
0x00007ff8227ac000 	/System/Library/PrivateFrameworks/SpeechRecognitionCore.framework/Versions/A/SpeechRecognitionCore
0x0000000105ddb000 	/Users/liliyasayfutdinova/Library/Java/JavaVirtualMachines/openjdk-19.0.1/Contents/Home/lib/server/libjvm.dylib
0x0000000104cdf000 	/Users/liliyasayfutdinova/Library/Java/JavaVirtualMachines/openjdk-19.0.1/Contents/Home/lib/libjimage.dylib
0x0000000104d02000 	/Users/liliyasayfutdinova/Library/Java/JavaVirtualMachines/openjdk-19.0.1/Contents/Home/lib/libinstrument.dylib
0x0000000104d45000 	/Users/liliyasayfutdinova/Library/Java/JavaVirtualMachines/openjdk-19.0.1/Contents/Home/lib/libjava.dylib
0x0000000105bd0000 	/Users/liliyasayfutdinova/Library/Java/JavaVirtualMachines/openjdk-19.0.1/Contents/Home/lib/libzip.dylib
0x0000000105be4000 	/Users/liliyasayfutdinova/Library/Java/JavaVirtualMachines/openjdk-19.0.1/Contents/Home/lib/libnio.dylib
0x0000000105c00000 	/Users/liliyasayfutdinova/Library/Java/JavaVirtualMachines/openjdk-19.0.1/Contents/Home/lib/libnet.dylib
0x0000000104d30000 	/Users/liliyasayfutdinova/Library/Java/JavaVirtualMachines/openjdk-19.0.1/Contents/Home/lib/libextnet.dylib
0x0000000105cbb000 	/Users/liliyasayfutdinova/Library/Java/JavaVirtualMachines/openjdk-19.0.1/Contents/Home/lib/libawt.dylib
0x000000010edc7000 	/Users/liliyasayfutdinova/Library/Java/JavaVirtualMachines/openjdk-19.0.1/Contents/Home/lib/libmlib_image.dylib
0x00007ffa30235000 	/System/Library/Frameworks/JavaRuntimeSupport.framework/Versions/A/JavaRuntimeSupport
0x00007ff916dd3000 	/System/Library/Frameworks/Carbon.framework/Versions/A/Carbon
0x00007ff824c73000 	/System/Library/PrivateFrameworks/CoreSymbolication.framework/Versions/A/CoreSymbolication
0x00007ff82a218000 	/System/Library/Frameworks/Carbon.framework/Versions/A/Frameworks/CommonPanels.framework/Versions/A/CommonPanels
0x00007ff8262a9000 	/System/Library/Frameworks/Carbon.framework/Versions/A/Frameworks/Help.framework/Versions/A/Help
0x00007ff82a21c000 	/System/Library/Frameworks/Carbon.framework/Versions/A/Frameworks/ImageCapture.framework/Versions/A/ImageCapture
0x00007ff82a1ec000 	/System/Library/Frameworks/Carbon.framework/Versions/A/Frameworks/OpenScripting.framework/Versions/A/OpenScripting
0x00007ff82a214000 	/System/Library/Frameworks/Carbon.framework/Versions/A/Frameworks/Ink.framework/Versions/A/Ink
0x00007ff916dcf000 	/System/Library/Frameworks/Carbon.framework/Versions/A/Frameworks/Print.framework/Versions/A/Print
0x00007ff82a210000 	/System/Library/Frameworks/Carbon.framework/Versions/A/Frameworks/SecurityHI.framework/Versions/A/SecurityHI
0x00007ff824c38000 	/System/Library/PrivateFrameworks/DebugSymbols.framework/Versions/A/DebugSymbols
0x000000010ef8f000 	/Users/liliyasayfutdinova/Library/Java/JavaVirtualMachines/openjdk-19.0.1/Contents/Home/lib/libawt_lwawt.dylib
0x0000000105c45000 	/Users/liliyasayfutdinova/Library/Java/JavaVirtualMachines/openjdk-19.0.1/Contents/Home/lib/libosxapp.dylib
0x00007ff91609d000 	/System/Library/Frameworks/ExceptionHandling.framework/Versions/A/ExceptionHandling
0x000000010f286000 	/Users/liliyasayfutdinova/Library/Java/JavaVirtualMachines/openjdk-19.0.1/Contents/Home/lib/libfontmanager.dylib
0x000000010f0bf000 	/Users/liliyasayfutdinova/Library/Java/JavaVirtualMachines/openjdk-19.0.1/Contents/Home/lib/libfreetype.dylib
0x00007ff81433f000 	/System/Library/PrivateFrameworks/CoreServicesInternal.framework/Versions/A/CoreServicesInternal
0x00007ff823fe9000 	/System/Library/Frameworks/FileProvider.framework/Versions/A/FileProvider
0x00007ff817fe4000 	/System/Library/Frameworks/Accounts.framework/Versions/A/Accounts
0x00007ff824162000 	/System/Library/PrivateFrameworks/GenerationalStorage.framework/Versions/A/GenerationalStorage
0x00007ff8239ed000 	/System/Library/PrivateFrameworks/SymptomDiagnosticReporter.framework/Versions/A/SymptomDiagnosticReporter
0x00007ff815604000 	/System/Library/PrivateFrameworks/DesktopServicesPriv.framework/Versions/A/DesktopServicesPriv
0x00007ff814482000 	/usr/lib/libsandbox.1.dylib
0x00007ff819330000 	/System/Library/PrivateFrameworks/UserManagement.framework/Versions/A/UserManagement
0x00007ff81f956000 	/System/Library/PrivateFrameworks/NetAuth.framework/Versions/A/NetAuth
0x00007ff820865000 	/System/Library/PrivateFrameworks/Sharing.framework/Versions/A/Sharing
0x00007ff819303000 	/System/Library/PrivateFrameworks/login.framework/Versions/A/Frameworks/loginsupport.framework/Versions/A/loginsupport
0x00007ff825dd7000 	/System/Library/PrivateFrameworks/Apple80211.framework/Versions/A/Apple80211
0x00007ff81c509000 	/System/Library/PrivateFrameworks/AuthKit.framework/Versions/A/AuthKit
0x00007ff81bb5e000 	/System/Library/PrivateFrameworks/CoreUtils.framework/Versions/A/CoreUtils
0x00007ff81ba85000 	/System/Library/Frameworks/CoreWLAN.framework/Versions/A/CoreWLAN
0x00007ff8209c4000 	/System/Library/Frameworks/IOBluetooth.framework/Versions/A/IOBluetooth
0x00007ff825e3f000 	/System/Library/PrivateFrameworks/CoreWiFi.framework/Versions/A/CoreWiFi
0x00007ff82480c000 	/System/Library/PrivateFrameworks/FrontBoardServices.framework/Versions/A/FrontBoardServices
0x00007ff82489d000 	/System/Library/PrivateFrameworks/BoardServices.framework/Versions/A/BoardServices
0x00007ff81bd6d000 	/System/Library/PrivateFrameworks/AssertionServices.framework/Versions/A/AssertionServices
0x00007ff825fc2000 	/System/Library/PrivateFrameworks/BackBoardServices.framework/Versions/A/BackBoardServices
0x00007ff81fdb0000 	/System/Library/PrivateFrameworks/CorePhoneNumbers.framework/Versions/A/CorePhoneNumbers
0x00007ff81f674000 	/System/Library/PrivateFrameworks/MultiverseSupport.framework/Versions/A/MultiverseSupport
0x00007ff826236000 	/System/Library/PrivateFrameworks/RemoteServiceDiscovery.framework/Versions/A/RemoteServiceDiscovery
0x00007ff823b0a000 	/System/Library/PrivateFrameworks/DiskManagement.framework/Versions/A/DiskManagement
0x00007ff823a1e000 	/System/Library/PrivateFrameworks/AppleIDAuthSupport.framework/Versions/A/AppleIDAuthSupport
0x00007ffb12148000 	/System/Library/PrivateFrameworks/AAAFoundation.framework/Versions/A/AAAFoundation
0x00007ff81fd91000 	/System/Library/PrivateFrameworks/KeychainCircle.framework/Versions/A/KeychainCircle
0x00007ff826246000 	/System/Library/PrivateFrameworks/RemoteXPC.framework/Versions/A/RemoteXPC
0x00007ff823ad6000 	/System/Library/PrivateFrameworks/MediaKit.framework/Versions/A/MediaKit
0x00007ff823a2a000 	/System/Library/Frameworks/DiscRecording.framework/Versions/A/DiscRecording
0x00007ff81d35f000 	/usr/lib/libCoreStorage.dylib
0x00007ff8262b1000 	/usr/lib/libcsfde.dylib
0x00007ff820a91000 	/System/Library/PrivateFrameworks/ProtectedCloudStorage.framework/Versions/A/ProtectedCloudStorage
0x00007ff8262ad000 	/System/Library/PrivateFrameworks/EFILogin.framework/Versions/A/EFILogin
0x00007ff824188000 	/System/Library/PrivateFrameworks/OctagonTrust.framework/Versions/A/OctagonTrust
0x00007ffb16a30000 	/System/Library/PrivateFrameworks/CoreUtilsExtras.framework/Versions/A/CoreUtilsExtras
0x00007ff823951000 	/System/Library/Frameworks/CoreBluetooth.framework/Versions/A/CoreBluetooth
0x00007ff826959000 	/System/Library/Frameworks/AudioUnit.framework/Versions/A/AudioUnit
0x00007ff81d357000 	/usr/lib/libMatch.1.dylib
0x00007ff91eb60000 	/System/Library/CoreServices/RawCamera.bundle/Contents/MacOS/RawCamera
0x00007ff81fd2f000 	/System/Library/PrivateFrameworks/MobileAsset.framework/Versions/A/MobileAsset
0x00007ff826980000 	/System/Library/PrivateFrameworks/StreamingZip.framework/Versions/A/StreamingZip
0x00007ffb13d24000 	/System/Library/PrivateFrameworks/CMPhoto.framework/Versions/A/CMPhoto
0x00007ff824b0e000 	/System/Library/PrivateFrameworks/AppleVPA.framework/Versions/A/AppleVPA
0x00007ff81e70f000 	/System/Library/Frameworks/MediaToolbox.framework/Versions/A/MediaToolbox
0x00007ff823fb9000 	/System/Library/PrivateFrameworks/CoreAVCHD.framework/Versions/A/CoreAVCHD
0x00007ff822e8e000 	/System/Library/Frameworks/MediaAccessibility.framework/Versions/A/MediaAccessibility
0x00007ff823fb5000 	/System/Library/PrivateFrameworks/Mangrove.framework/Versions/A/Mangrove
0x00007ff822e99000 	/System/Library/PrivateFrameworks/AlgosScoreFramework.framework/Versions/A/AlgosScoreFramework
0x00007ff823bfa000 	/System/Library/PrivateFrameworks/CoreAUC.framework/Versions/A/CoreAUC
0x00007ff91c389000 	/System/Library/Frameworks/Accelerate.framework/Versions/A/Frameworks/vImage.framework/Versions/A/Libraries/libCGInterfaces.dylib
0x000000010ef6a000 	/usr/lib/libobjc-trampolines.dylib
0x00007ff819028000 	/System/Library/PrivateFrameworks/ViewBridge.framework/Versions/A/ViewBridge
0x00007ffb2a29d000 	/usr/lib/libRosetta.dylib
0x00007ffa21bf8000 	/System/Library/Extensions/AppleIntelBDWGraphicsMTLDriver.bundle/Contents/MacOS/AppleIntelBDWGraphicsMTLDriver
0x00007ff917d7b000 	/System/Library/PrivateFrameworks/GPURawCounter.framework/Versions/A/GPURawCounter
0x00000001102c0000 	/Users/liliyasayfutdinova/Library/Java/JavaVirtualMachines/openjdk-19.0.1/Contents/Home/lib/libosxui.dylib
0x00000001102d4000 	/Users/liliyasayfutdinova/Library/Java/JavaVirtualMachines/openjdk-19.0.1/Contents/Home/lib/libmanagement.dylib
0x00000001102e4000 	/Users/liliyasayfutdinova/Library/Java/JavaVirtualMachines/openjdk-19.0.1/Contents/Home/lib/libmanagement_ext.dylib
0x00007ff81daaf000 	/System/Library/PrivateFrameworks/login.framework/Versions/A/login


VM Arguments:
jvm_args: -javaagent:/Applications/IntelliJ IDEA.app/Contents/lib/idea_rt.jar=51483:/Applications/IntelliJ IDEA.app/Contents/bin -Dfile.encoding=UTF-8 -Dsun.stdout.encoding=UTF-8 -Dsun.stderr.encoding=UTF-8 
java_command: Main
java_class_path (initial): /Users/liliyasayfutdinova/IdeaProjects/JavaCalendar/out/production/JavaCalendar
Launcher Type: SUN_STANDARD

[Global flags]
     intx CICompilerCount                          = 3                                         {product} {ergonomic}
     uint ConcGCThreads                            = 1                                         {product} {ergonomic}
     uint G1ConcRefinementThreads                  = 4                                         {product} {ergonomic}
   size_t G1HeapRegionSize                         = 1048576                                   {product} {ergonomic}
    uintx GCDrainStackTargetSize                   = 64                                        {product} {ergonomic}
   size_t InitialHeapSize                          = 134217728                                 {product} {ergonomic}
   size_t MarkStackSize                            = 4194304                                   {product} {ergonomic}
   size_t MaxHeapSize                              = 2147483648                                {product} {ergonomic}
   size_t MaxNewSize                               = 1287651328                                {product} {ergonomic}
   size_t MinHeapDeltaBytes                        = 1048576                                   {product} {ergonomic}
   size_t MinHeapSize                              = 8388608                                   {product} {ergonomic}
    uintx NonNMethodCodeHeapSize                   = 5832780                                {pd product} {ergonomic}
    uintx NonProfiledCodeHeapSize                  = 122912730                              {pd product} {ergonomic}
    uintx ProfiledCodeHeapSize                     = 122912730                              {pd product} {ergonomic}
    uintx ReservedCodeCacheSize                    = 251658240                              {pd product} {ergonomic}
     bool SegmentedCodeCache                       = true                                      {product} {ergonomic}
   size_t SoftMaxHeapSize                          = 2147483648                             {manageable} {ergonomic}
     bool UseCompressedClassPointers               = true                           {product lp64_product} {ergonomic}
     bool UseCompressedOops                        = true                           {product lp64_product} {ergonomic}
     bool UseG1GC                                  = true                                      {product} {ergonomic}
     bool UseNUMA                                  = false                                     {product} {ergonomic}
     bool UseNUMAInterleaving                      = false                                     {product} {ergonomic}

Logging:
Log output configuration:
 #0: stdout all=warning uptime,level,tags foldmultilines=false
 #1: stderr all=off uptime,level,tags foldmultilines=false

Environment Variables:
PATH=/usr/local/bin:/usr/bin:/bin:/usr/sbin:/sbin:/Applications/Postgres.app/Contents/Versions/latest/bin
SHELL=/bin/bash
LC_CTYPE=sv_SE.UTF-8
TMPDIR=/var/folders/n6/275zv3yn61ngtdgbdwg84fw40000gn/T/

Active Locale:
LC_ALL=C/sv_SE.UTF-8/C/C/C/C
LC_COLLATE=C
LC_CTYPE=sv_SE.UTF-8
LC_MESSAGES=C
LC_MONETARY=C
LC_NUMERIC=C
LC_TIME=C

Signal Handlers:
   SIGSEGV: _ZL13crash_handleriP9__siginfoPv in libjvm.dylib, mask=11100110000111110111111111111111, flags=SA_RESTART|SA_SIGINFO
    SIGBUS: _ZL13crash_handleriP9__siginfoPv in libjvm.dylib, mask=11100110000111110111111111111111, flags=SA_RESTART|SA_SIGINFO
    SIGFPE: _ZL13crash_handleriP9__siginfoPv in libjvm.dylib, mask=11100110000111110111111111111111, flags=SA_RESTART|SA_SIGINFO
   SIGPIPE: _ZL17javaSignalHandleriP9__siginfoPv in libjvm.dylib, mask=11100110000111110111111111111111, flags=SA_RESTART|SA_SIGINFO
   SIGXFSZ: _ZL17javaSignalHandleriP9__siginfoPv in libjvm.dylib, mask=11100110000111110111111111111111, flags=SA_RESTART|SA_SIGINFO
    SIGILL: _ZL13crash_handleriP9__siginfoPv in libjvm.dylib, mask=11100110000111110111111111111111, flags=SA_RESTART|SA_SIGINFO
   SIGUSR2: _ZL10SR_handleriP9__siginfoP17__darwin_ucontext in libjvm.dylib, mask=00000000000000000000000000000000, flags=SA_RESTART|SA_SIGINFO
    SIGHUP: _ZL11UserHandleriPvS_ in libjvm.dylib, mask=11100110000111110111111111111111, flags=SA_RESTART|SA_SIGINFO
    SIGINT: _ZL11UserHandleriPvS_ in libjvm.dylib, mask=11100110000111110111111111111111, flags=SA_RESTART|SA_SIGINFO
   SIGTERM: _ZL11UserHandleriPvS_ in libjvm.dylib, mask=11100110000111110111111111111111, flags=SA_RESTART|SA_SIGINFO
   SIGQUIT: _ZL11UserHandleriPvS_ in libjvm.dylib, mask=11100110000111110111111111111111, flags=SA_RESTART|SA_SIGINFO
   SIGTRAP: _ZL13crash_handleriP9__siginfoPv in libjvm.dylib, mask=11100110000111110111111111111111, flags=SA_RESTART|SA_SIGINFO


---------------  S Y S T E M  ---------------

OS:
uname: Darwin 21.6.0 Darwin Kernel Version 21.6.0: Mon Jun 24 00:56:10 PDT 2024; root:xnu-8020.240.18.709.2~1/RELEASE_X86_64 x86_64
OS uptime: 27 days 13:30 hours
rlimit (soft/hard): STACK 8192k/65532k , CORE 0k/infinity , NPROC 1392/2088 , NOFILE 10240/infinity , AS infinity/infinity , CPU infinity/infinity , DATA infinity/infinity , FSIZE infinity/infinity , MEMLOCK infinity/infinity , RSS infinity/infinity
load average: 23.72 20.67 22.98

CPU: total 4 (initial active 4) (2 cores per cpu, 2 threads per core) family 6 model 61 stepping 4 microcode 0x2f, cx8, cmov, fxsr, ht, mmx, 3dnowpref, sse, sse2, sse3, ssse3, sse4.1, sse4.2, popcnt, lzcnt, tsc, tscinvbit, avx, avx2, aes, erms, clmul, bmi1, bmi2, rtm, adx, fma, vzeroupper, clflush, rdtscp

Memory: 4k page, physical 8388608k(34700k free), swap 2621440k(34816k free)

vm_info: OpenJDK 64-Bit Server VM (19.0.1+10-21) for bsd-amd64 JRE (19.0.1+10-21), built on 2022-09-14T12:45:06Z by "mach5one" with clang Apple LLVM 12.0.0 (clang-1200.0.32.29)

END.
